2015/08/30 03:43:23 unknown (pid=8892)(info): Á¬½ÓRedis·şÎñÆ÷[119.29.66.237:6379]³É¹¦£¡
2015/08/30 03:43:23 unknown (pid=8892)(info): ³õÊ¼»¯Redis³É¹¦£¡
2015/08/30 03:43:24 unknown (pid=8892)(info): ´ÅÅÌ£º°&A, ÀàĞÍÎª£º¹Ì¶¨´ÅÅÌ£¬¼ÓÈëÉ¨Ãè£¡
2015/08/30 03:43:24 unknown (pid=8892)(info): ´ÅÅÌ£º°&A, ÀàĞÍÎª£º¹Ì¶¨´ÅÅÌ£¬¼ÓÈëÉ¨Ãè£¡
2015/08/30 03:43:24 unknown (pid=8892)(info): ´ÅÅÌ£º°&A, ÀàĞÍÎª£º¹Ì¶¨´ÅÅÌ£¬¼ÓÈëÉ¨Ãè£¡
2015/08/30 03:43:24 unknown (pid=8892)(info): ´ÅÅÌ£º°&A, ÀàĞÍÎª£º¹Ì¶¨´ÅÅÌ£¬¼ÓÈëÉ¨Ãè£¡
2015/08/30 03:43:24 unknown (pid=8892)(info): ´ÅÅÌ£º°&A, ÀàĞÍÎª£º¹Ì¶¨´ÅÅÌ£¬¼ÓÈëÉ¨Ãè£¡
2015/08/30 03:43:24 unknown (pid=8892)(info): ´ÅÅÌ£º°&A, ÀàĞÍÎª£º¹Ì¶¨´ÅÅÌ£¬¼ÓÈëÉ¨Ãè£¡
2015/08/30 03:43:24 unknown (pid=8892)(info): ´ÅÅÌ£º°&A, ÀàĞÍÎª£º¹Ì¶¨´ÅÅÌ£¬¼ÓÈëÉ¨Ãè£¡
2015/08/30 03:43:24 unknown (pid=8892)(info): ´ÅÅÌ£º°&A, ÀàĞÍÎª£º¹Ì¶¨´ÅÅÌ£¬¼ÓÈëÉ¨Ãè£¡
2015/08/30 03:43:24 unknown (pid=8892)(info): ´ÅÅÌ£º°&A, ÀàĞÍÎª£º¹âÅÌ,ºöÂÔ
0 03:40:59 unknown (pid=8780)(info): ´ÅÅÌ£º@'src\stdlib\thread.cpp, ÀàĞÍÎª£º¹Ì¶¨´ÅÅÌ£¬¼ÓÈëÉ¨Ãè£¡
2015/08/30 03:40:59 unknown (pid=8780)(info): ´ÅÅÌ£º@'src\stdlib\thread.cpp, ÀàĞÍÎª£º¹âÅÌ,ºöÂÔ
f_print: unknown format type: I
6704)(error): ¼ÆËãÎÄ¼ş¡¾J:\µçÓ°\Dowloads\ĞÂ½¨ÎÄ¼ş¼Ğ\ÎŞÂë\(Ó¡¶È)Å®(¿ñÒ°) ¾«¾ø¼¶ÊÕ²Ø ¸ßÇå.avi¡¿MD5ÖµÊ§°Ü, err:0
r(ÏµÍ³ÕÒ²»µ½Ö¸¶¨µÄÎÄ¼ş¡£)
2015/08/30 02:58:14 unknown (pid=9632)(error): .\src\stdlib\filedir\acl_scan_dir.c(215), acl_scan_dir_push: open directory(I:\$RECYCLE.BIN\S-1-5-18) error(ÏµÍ³ÕÒ²»µ½Ö¸¶¨µÄÉè±¸¡£)
2015/08/30 02:58:15 unknown (pid=9632)(error): .\src\stdlib\filedir\acl_scan_dir.c(215), acl_scan_dir_push: open directory(J:\$RECYCLE.BIN\S-1-5-18) error(ÏµÍ³ÕÒ²»µ½Ö¸¶¨µÄÉè±¸¡£)
2015/08/30 02:58:24 unknown (pid=9632)(error): .\src\stdlib\filedir\acl_scan_dir.c(215), acl_scan_dir_push: open directory(H:\$RECYCLE.BIN\$hf_mig$) error(ÏµÍ³ÕÒ²»µ½Ö¸¶¨µÄÉè±¸¡£)
2015/08/30 02:58:39 unknown (pid=9632)(error): .\src\stdlib\filedir\acl_scan_dir.c(215), acl_scan_dir_push: open directory(G:\$RECYCLE.BIN\S-1-5-18) error(ÏµÍ³ÕÒ²»µ½Ö¸¶¨µÄÉè±¸¡£)
2015/08/30 02:58:49 unknown (pid=9632)(error): .\src\stdlib\filedir\acl_scan_dir.c(215), acl_scan_dir_push: open directory(F:\$Recycle.Bin\S-1-5-18) error(ÏµÍ³ÕÒ²»µ½Ö¸¶¨µÄÉè±¸¡£)
2015/08/30 02:58:49 unknown (pid=9632)(error): .\src\stdlib\filedir\acl_scan_dir.c(215), acl_scan_dir_push: open directory(C:\$Recycle.Bin\S-1-5-18) error(ÏµÍ³ÕÒ²»µ½Ö¸¶¨µÄÉè±¸¡£)
2015/08/30 02:58:53 unknown (pid=9632)(error): .\src\stdlib\filedir\acl_scan_dir.c(215), acl_scan_dir_push: open directory(E:\$RECYCLE.BIN\S-1-5-18) error(ÏµÍ³ÕÒ²»µ½Ö¸¶¨µÄÉè±¸¡£)
