2015/08/29 02:11:47 ServerEx (pid=7808)(info): °ó¶¨±¾µØUDP¶Ë¿Ú:0.0.0.0:53609
2015/08/29 02:11:47 ServerEx (pid=7808)(info): µÇÂ¼³É¹¦£¬ÍâÍøIP£º27.38.79.81:53609
2015/08/29 02:11:47 ServerEx (pid=7808)(info): µÇÂ¼³É¹¦£¡
2015/08/29 02:12:32 ServerEx (pid=7808)(info): ÊÕµ½À´×Ô[27.38.79.81:53610]µÄ´ò¶´ÇëÇó£¬×¼±¸»Ø¸´£¡
2015/08/29 02:12:32 ServerEx (pid=7808)(info): Ïò[27.38.79.81:53610]»Ø¸´È·ÈÏ³É¹¦
2015/08/29 02:12:32 ServerEx (pid=7808)(info): ÊÕµ½À´×Ô[27.38.79.81:53610]µÄ´ò¶´ÇëÇó£¬×¼±¸»Ø¸´£¡
2015/08/29 02:12:32 ServerEx (pid=7808)(info): Ïò[27.38.79.81:53610]»Ø¸´È·ÈÏ³É¹¦
2015/08/29 02:12:37 ServerEx (pid=7808)(info): ÊÕµ½À´×Ô[27.38.79.81:53610]µÄ´ò¶´ÇëÇó£¬×¼±¸»Ø¸´£¡
2015/08/29 02:12:37 ServerEx (pid=7808)(info): Ïò[27.38.79.81:53610]»Ø¸´È·ÈÏ³É¹¦
2015/08/29 02:12:50 ServerEx (pid=7808)(info): ÊÕµ½À´×Ô[27.38.79.81:53610]µÄ´ò¶´ÇëÇó£¬×¼±¸»Ø¸´£¡
2015/08/29 02:12:50 ServerEx (pid=7808)(info): Ïò[27.38.79.81:53610]»Ø¸´È·ÈÏ³É¹¦
2015/08/29 02:12:54 ServerEx (pid=7808)(info): ÊÕµ½À´×Ô[27.38.79.81:53610]µÄ´ò¶´ÇëÇó£¬×¼±¸»Ø¸´£¡
2015/08/29 02:12:54 ServerEx (pid=7808)(info): Ïò[27.38.79.81:53610]»Ø¸´È·ÈÏ³É¹¦
2015/08/29 02:13:01 ServerEx (pid=7808)(info): ÊÕµ½À´×Ô[27.38.79.81:53610]µÄ´ò¶´ÇëÇó£¬×¼±¸»Ø¸´£¡
2015/08/29 02:13:01 ServerEx (pid=7808)(info): Ïò[27.38.79.81:53610]»Ø¸´È·ÈÏ³É¹¦
2015/08/29 02:13:01 ServerEx (pid=7808)(info): ÊÕµ½À´×Ô[27.38.79.81:53610]µÄ´ò¶´ÇëÇó£¬×¼±¸»Ø¸´£¡
2015/08/29 02:13:01 ServerEx (pid=7808)(info): Ïò[27.38.79.81:53610]»Ø¸´È·ÈÏ³É¹¦
2015/08/29 02:13:05 ServerEx (pid=7808)(info): ÊÕµ½À´×Ô[27.38.79.81:53610]µÄ´ò¶´ÇëÇó£¬×¼±¸»Ø¸´£¡
2015/08/29 02:13:05 ServerEx (pid=7808)(info): Ïò[27.38.79.81:53610]»Ø¸´È·ÈÏ³É¹¦
990080
2015/08/29 01:31:09 ServerEx (pid=16292)(info): m_mapFlags: `1þ=2002990080
2015/08/29 01:31:10 ServerEx (pid=16292)(info): m_mapFlags: `1þ=2002990080
2015/08/29 01:31:10 ServerEx (pid=16292)(info): m_mapFlags: `1þ=2002990080
2015/08/29 01:31:10 ServerEx (pid=16292)(info): m_mapFlags: `1þ=2002990080
2015/08/29 01:31:10 ServerEx (pid=16292)(info): m_mapFlags: `1þ=2002990080
2015/08/29 01:31:10 ServerEx (pid=16292)(info): m_mapFlags: `1þ=2002990080
2015/08/29 01:31:10 ServerEx (pid=16292)(info): m_mapFlags: `1þ=2002990080
2015/08/29 01:31:10 ServerEx (pid=16292)(info): m_mapFlags: `1þ=2002990080
2015/08/29 01:31:10 ServerEx (pid=16292)(info): m_mapFlags: `1þ=2002990080
2015/08/29 01:31:10 ServerEx (pid=16292)(info): m_mapFlags: `1þ=2002990080
2015/08/29 01:31:10 ServerEx (pid=16292)(info): m_mapFlags: `1þ=2002990080
2015/08/29 01:31:10 ServerEx (pid=16292)(info): m_mapFlags: `1þ=2002990080
2015/08/29 01:31:10 ServerEx (pid=16292)(info): m_mapFlags: `1þ=2002990080
2015/08/29 01:31:10 ServerEx (pid=16292)(info): m_mapFlags: `1þ=2002990080
2015/08/29 01:31:10 ServerEx (pid=16292)(info): m_mapFlags: `1þ=2002990080
2015/08/29 01:31:10 ServerEx (pid=16292)(info): m_mapFlags: `1þ=2002990080
2015/08/29 01:31:10 ServerEx (pid=16292)(info): m_mapFlags: `1þ=2002990080
2015/08/29 01:31:10 ServerEx (pid=16292)(info): m_mapFlags: `1þ=2002990080
2015/08/29 01:31:10 ServerEx (pid=16292)(info): m_mapFlags: `1þ=2002990080
2015/08/29 01:31:10 ServerEx (pid=16292)(info): m_mapFlags: `1þ=2002990080
2015/08/29 01:31:10 ServerEx (pid=16292)(info): m_mapFlags: `1þ=2002990080
2015/08/29 01:31:10 ServerEx (pid=16292)(info): m_mapFlags: `1þ=2002990080
2015/08/29 01:31:10 ServerEx (pid=16292)(info): m_mapFlags: `1þ=2002990080
2015/08/29 01:31:10 ServerEx (pid=16292)(info): m_mapFlags: `1þ=2002990080
2015/08/29 01:31:10 ServerEx (pid=16292)(info): m_mapFlags: `1þ=2002990080
2015/08/29 01:31:10 ServerEx (pid=16292)(info): m_mapFlags: `1þ=2002990080
2015/08/29 01:31:10 ServerEx (pid=16292)(info): m_mapFlags: `1þ=2002990080
2015/08/29 01:31:10 ServerEx (pid=16292)(info): m_mapFlags: `1þ=2002990080
2015/08/29 01:31:10 ServerEx (pid=16292)(info): m_mapFlags: `1þ=2002990080
2015/08/29 01:31:10 ServerEx (pid=16292)(info): m_mapFlags: `1þ=2002990080
2015/08/29 01:31:10 ServerEx (pid=16292)(info): m_mapFlags: `1þ=2002990080
2015/08/29 01:31:10 ServerEx (pid=16292)(info): m_mapFlags: `1þ=2002990080
2015/08/29 01:31:10 ServerEx (pid=16292)(info): m_mapFlags: `1þ=2002990080
2015/08/29 01:31:10 ServerEx (pid=16292)(info): m_mapFlags: `1þ=2002990080
2015/08/29 01:31:10 ServerEx (pid=16292)(info): m_mapFlags: `1þ=2002990080
2015/08/29 01:31:10 ServerEx (pid=16292)(info): m_mapFlags: `1þ=2002990080
2015/08/29 01:31:10 ServerEx (pid=16292)(info): m_mapFlags: `1þ=2002990080
2015/08/29 01:31:10 ServerEx (pid=16292)(info): m_mapFlags: `1þ=2002990080
2015/08/29 01:31:10 ServerEx (pid=16292)(info): m_mapFlags: `1þ=2002990080
2015/08/29 01:31:10 ServerEx (pid=16292)(info): m_mapFlags: `1þ=2002990080
2015/08/29 01:31:10 ServerEx (pid=16292)(info): m_mapFlags: `1þ=2002990080
2015/08/29 01:31:10 ServerEx (pid=16292)(info): m_mapFlags: `1þ=2002990080
2015/08/29 01:31:10 ServerEx (pid=16292)(info): m_mapFlags: `1þ=2002990080
2015/08/29 01:31:10 ServerEx (pid=16292)(info): m_mapFlags: `1þ=2002990080
2015/08/29 01:31:10 ServerEx (pid=16292)(info): m_mapFlags: `1þ=2002990080
2015/08/29 01:31:10 ServerEx (pid=16292)(info): m_mapFlags: `1þ=2002990080
2015/08/29 01:31:10 ServerEx (pid=16292)(info): m_mapFlags: `1þ=2002990080
2015/08/29 01:31:10 ServerEx (pid=16292)(info): m_mapFlags: `1þ=2002990080
2015/08/29 01:31:11 ServerEx (pid=16292)(info): m_mapFlags: `1þ=2002990080
2015/08/29 01:31:11 ServerEx (pid=16292)(info): m_mapFlags: `1þ=2002990080
2015/08/29 01:31:11 ServerEx (pid=16292)(info): m_mapFlags: `1þ=2002990080
2015/08/29 01:31:11 ServerEx (pid=16292)(info): m_mapFlags: `1þ=2002990080
2015/08/29 01:31:11 ServerEx (pid=16292)(info): m_mapFlags: `1þ=2002990080
2015/08/29 01:31:11 ServerEx (pid=16292)(info): m_mapFlags: `1þ=2002990080
2015/08/29 01:31:11 ServerEx (pid=16292)(info): m_mapFlags: `1þ=2002990080
2015/08/29 01:31:11 ServerEx (pid=16292)(info): m_mapFlags: `1þ=2002990080
2015/08/29 01:31:11 ServerEx (pid=16292)(info): m_mapFlags: `1þ=2002990080
2015/08/29 01:31:11 ServerEx (pid=16292)(info): m_mapFlags: `1þ=2002990080
2015/08/29 01:31:11 ServerEx (pid=16292)(info): m_mapFlags: `1þ=2002990080
2015/08/29 01:31:11 ServerEx (pid=16292)(info): m_mapFlags: `1þ=2002990080
2015/08/29 01:31:11 ServerEx (pid=16292)(info): m_mapFlags: `1þ=2002990080
2015/08/29 01:31:11 ServerEx (pid=16292)(info): m_mapFlags: `1þ=2002990080
2015/08/29 01:31:11 ServerEx (pid=16292)(info): m_mapFlags: `1þ=2002990080
2015/08/29 01:31:11 ServerEx (pid=16292)(info): m_mapFlags: `1þ=2002990080
2015/08/29 01:31:11 ServerEx (pid=16292)(info): m_mapFlags: `1þ=2002990080
2015/08/29 01:31:11 ServerEx (pid=16292)(info): m_mapFlags: `1þ=2002990080
2015/08/29 01:31:11 ServerEx (pid=16292)(info): m_mapFlags: `1þ=2002990080
2015/08/29 01:31:11 ServerEx (pid=16292)(info): m_mapFlags: `1þ=2002990080
2015/08/29 01:31:11 ServerEx (pid=16292)(info): m_mapFlags: `1þ=2002990080
2015/08/29 01:31:11 ServerEx (pid=16292)(info): m_mapFlags: `1þ=2002990080
2015/08/29 01:31:11 ServerEx (pid=16292)(info): m_mapFlags: `1þ=2002990080
2015/08/29 01:31:11 ServerEx (pid=16292)(info): m_mapFlags: `1þ=2002990080
2015/08/29 01:31:11 ServerEx (pid=16292)(info): m_mapFlags: `1þ=2002990080
2015/08/29 01:31:11 ServerEx (pid=16292)(info): m_mapFlags: `1þ=2002990080
2015/08/29 01:31:11 ServerEx (pid=16292)(info): m_mapFlags: `1þ=2002990080
2015/08/29 01:31:11 ServerEx (pid=16292)(info): m_mapFlags: `1þ=2002990080
2015/08/29 01:31:11 ServerEx (pid=16292)(info): m_mapFlags: `1þ=2002990080
2015/08/29 01:31:11 ServerEx (pid=16292)(info): m_mapFlags: `1þ=2002990080
2015/08/29 01:31:11 ServerEx (pid=16292)(info): m_mapFlags: `1þ=2002990080
2015/08/29 01:31:11 ServerEx (pid=16292)(info): m_mapFlags: `1þ=2002990080
2015/08/29 01:31:11 ServerEx (pid=16292)(info): m_mapFlags: `1þ=2002990080
2015/08/29 01:31:11 ServerEx (pid=16292)(info): m_mapFlags: `1þ=2002990080
2015/08/29 01:31:12 ServerEx (pid=16292)(info): m_mapFlags: `1þ=2002990080
2015/08/29 01:31:12 ServerEx (pid=16292)(info): m_mapFlags: `1þ=2002990080
2015/08/29 01:31:12 ServerEx (pid=16292)(info): m_mapFlags: `1þ=2002990080
2015/08/29 01:31:12 ServerEx (pid=16292)(info): m_mapFlags: `1þ=2002990080
2015/08/29 01:31:12 ServerEx (pid=16292)(info): m_mapFlags: `1þ=2002990080
2015/08/29 01:31:12 ServerEx (pid=16292)(info): m_mapFlags: `1þ=2002990080
2015/08/29 01:31:12 ServerEx (pid=16292)(info): m_mapFlags: `1þ=2002990080
2015/08/29 01:31:12 ServerEx (pid=16292)(info): m_mapFlags: `1þ=2002990080
2015/08/29 01:31:12 ServerEx (pid=16292)(info): m_mapFlags: `1þ=2002990080
2015/08/29 01:31:12 ServerEx (pid=16292)(info): m_mapFlags: `1þ=2002990080
2015/08/29 01:31:12 ServerEx (pid=16292)(info): m_mapFlags: `1þ=2002990080
2015/08/29 01:31:12 ServerEx (pid=16292)(info): m_mapFlags: `1þ=2002990080
2015/08/29 01:31:12 ServerEx (pid=16292)(info): m_mapFlags: `1þ=2002990080
2015/08/29 01:31:13 ServerEx (pid=16292)(info): m_mapFlags: `1þ=2002990080
2015/08/29 01:31:13 ServerEx (pid=16292)(info): m_mapFlags: `1þ=2002990080
2015/08/29 01:31:13 ServerEx (pid=16292)(info): m_mapFlags: `1þ=2002990080
2015/08/29 01:31:13 ServerEx (pid=16292)(info): m_mapFlags: `1þ=2002990080
2015/08/29 01:31:13 ServerEx (pid=16292)(info): m_mapFlags: `1þ=2002990080
2015/08/29 01:31:13 ServerEx (pid=16292)(info): m_mapFlags: `1þ=2002990080
2015/08/29 01:31:13 ServerEx (pid=16292)(info): m_mapFlags: `1þ=2002990080
2015/08/29 01:31:13 ServerEx (pid=16292)(info): m_mapFlags: `1þ=2002990080
2015/08/29 01:31:13 ServerEx (pid=16292)(info): m_mapFlags: `1þ=2002990080
2015/08/29 01:31:13 ServerEx (pid=16292)(info): m_mapFlags: `1þ=2002990080
2015/08/29 01:31:13 ServerEx (pid=16292)(info): m_mapFlags: `1þ=2002990080
2015/08/29 01:31:13 ServerEx (pid=16292)(info): m_mapFlags: `1þ=2002990080
2015/08/29 01:31:13 ServerEx (pid=16292)(info): m_mapFlags: `1þ=2002990080
2015/08/29 01:31:13 ServerEx (pid=16292)(info): m_mapFlags: `1þ=2002990080
2015/08/29 01:31:13 ServerEx (pid=16292)(info): m_mapFlags: `1þ=2002990080
2015/08/29 01:31:13 ServerEx (pid=16292)(info): m_mapFlags: `1þ=2002990080
2015/08/29 01:31:13 ServerEx (pid=16292)(info): m_mapFlags: `1þ=2002990080
2015/08/29 01:31:13 ServerEx (pid=16292)(info): m_mapFlags: `1þ=2002990080
2015/08/29 01:31:13 ServerEx (pid=16292)(info): m_mapFlags: `1þ=2002990080
2015/08/29 01:31:13 ServerEx (pid=16292)(info): m_mapFlags: `1þ=2002990080
2015/08/29 01:31:13 ServerEx (pid=16292)(info): m_mapFlags: `1þ=2002990080
2015/08/29 01:31:13 ServerEx (pid=16292)(info): m_mapFlags: `1þ=2002990080
2015/08/29 01:31:13 ServerEx (pid=16292)(info): m_mapFlags: `1þ=2002990080
2015/08/29 01:31:13 ServerEx (pid=16292)(info): m_mapFlags: `1þ=2002990080
2015/08/29 01:31:13 ServerEx (pid=16292)(info): m_mapFlags: `1þ=2002990080
2015/08/29 01:31:13 ServerEx (pid=16292)(info): m_mapFlags: `1þ=2002990080
2015/08/29 01:31:13 ServerEx (pid=16292)(info): m_mapFlags: `1þ=2002990080
2015/08/29 01:31:13 ServerEx (pid=16292)(info): m_mapFlags: `1þ=2002990080
2015/08/29 01:31:13 ServerEx (pid=16292)(info): m_mapFlags: `1þ=2002990080
2015/08/29 01:31:13 ServerEx (pid=16292)(info): m_mapFlags: `1þ=2002990080
2015/08/29 01:31:13 ServerEx (pid=16292)(info): m_mapFlags: `1þ=2002990080
2015/08/29 01:31:13 ServerEx (pid=16292)(info): m_mapFlags: `1þ=2002990080
2015/08/29 01:31:13 ServerEx (pid=16292)(info): m_mapFlags: `1þ=2002990080
2015/08/29 01:31:13 ServerEx (pid=16292)(info): m_mapFlags: `1þ=2002990080
2015/08/29 01:31:13 ServerEx (pid=16292)(info): m_mapFlags: `1þ=2002990080
2015/08/29 01:31:13 ServerEx (pid=16292)(info): m_mapFlags: `1þ=2002990080
2015/08/29 01:31:13 ServerEx (pid=16292)(info): m_mapFlags: `1þ=2002990080
2015/08/29 01:31:13 ServerEx (pid=16292)(info): m_mapFlags: `1þ=2002990080
2015/08/29 01:31:13 ServerEx (pid=16292)(info): m_mapFlags: `1þ=2002990080
2015/08/29 01:31:13 ServerEx (pid=16292)(info): m_mapFlags: `1þ=2002990080
2015/08/29 01:31:13 ServerEx (pid=16292)(info): m_mapFlags: `1þ=2002990080
2015/08/29 01:31:13 ServerEx (pid=16292)(info): m_mapFlags: `1þ=2002990080
2015/08/29 01:31:13 ServerEx (pid=16292)(info): m_mapFlags: `1þ=2002990080
2015/08/29 01:31:13 ServerEx (pid=16292)(info): m_mapFlags: `1þ=2002990080
2015/08/29 01:31:13 ServerEx (pid=16292)(info): m_mapFlags: `1þ=2002990080
2015/08/29 01:31:14 ServerEx (pid=16292)(info): m_mapFlags: `1þ=2002990080
2015/08/29 01:31:14 ServerEx (pid=16292)(info): m_mapFlags: `1þ=2002990080
2015/08/29 01:31:14 ServerEx (pid=16292)(info): m_mapFlags: `1þ=2002990080
2015/08/29 01:31:14 ServerEx (pid=16292)(info): m_mapFlags: `1þ=2002990080
2015/08/29 01:31:14 ServerEx (pid=16292)(info): m_mapFlags: `1þ=2002990080
2015/08/29 01:31:14 ServerEx (pid=16292)(info): m_mapFlags: `1þ=2002990080
2015/08/29 01:31:14 ServerEx (pid=16292)(info): m_mapFlags: `1þ=2002990080
2015/08/29 01:31:14 ServerEx (pid=16292)(info): m_mapFlags: `1þ=2002990080
2015/08/29 01:31:14 ServerEx (pid=16292)(info): m_mapFlags: `1þ=2002990080
2015/08/29 01:31:14 ServerEx (pid=16292)(info): m_mapFlags: `1þ=2002990080
2015/08/29 01:31:14 ServerEx (pid=16292)(info): m_mapFlags: `1þ=2002990080
2015/08/29 01:31:14 ServerEx (pid=16292)(info): m_mapFlags: `1þ=2002990080
2015/08/29 01:31:14 ServerEx (pid=16292)(info): m_mapFlags: `1þ=2002990080
2015/08/29 01:31:14 ServerEx (pid=16292)(info): m_mapFlags: `1þ=2002990080
2015/08/29 01:31:14 ServerEx (pid=16292)(info): m_mapFlags: `1þ=2002990080
2015/08/29 01:31:14 ServerEx (pid=16292)(info): m_mapFlags: `1þ=2002990080
2015/08/29 01:31:14 ServerEx (pid=16292)(info): m_mapFlags: `1þ=2002990080
2015/08/29 01:31:14 ServerEx (pid=16292)(info): m_mapFlags: `1þ=2002990080
2015/08/29 01:31:14 ServerEx (pid=16292)(info): m_mapFlags: `1þ=2002990080
2015/08/29 01:31:14 ServerEx (pid=16292)(info): m_mapFlags: `1þ=2002990080
2015/08/29 01:31:14 ServerEx (pid=16292)(info): m_mapFlags: `1þ=2002990080
2015/08/29 01:31:14 ServerEx (pid=16292)(info): m_mapFlags: `1þ=2002990080
2015/08/29 01:31:14 ServerEx (pid=16292)(info): m_mapFlags: `1þ=2002990080
2015/08/29 01:31:14 ServerEx (pid=16292)(info): m_mapFlags: `1þ=2002990080
2015/08/29 01:31:14 ServerEx (pid=16292)(info): m_mapFlags: `1þ=2002990080
2015/08/29 01:31:14 ServerEx (pid=16292)(info): m_mapFlags: `1þ=2002990080
2015/08/29 01:31:14 ServerEx (pid=16292)(info): m_mapFlags: `1þ=2002990080
2015/08/29 01:31:14 ServerEx (pid=16292)(info): m_mapFlags: `1þ=2002990080
2015/08/29 01:31:14 ServerEx (pid=16292)(info): m_mapFlags: `1þ=2002990080
2015/08/29 01:31:14 ServerEx (pid=16292)(info): m_mapFlags: `1þ=2002990080
2015/08/29 01:31:14 ServerEx (pid=16292)(info): m_mapFlags: `1þ=2002990080
2015/08/29 01:31:14 ServerEx (pid=16292)(info): m_mapFlags: `1þ=2002990080
2015/08/29 01:31:14 ServerEx (pid=16292)(info): m_mapFlags: `1þ=2002990080
2015/08/29 01:31:14 ServerEx (pid=16292)(info): m_mapFlags: `1þ=2002990080
2015/08/29 01:31:14 ServerEx (pid=16292)(info): m_mapFlags: `1þ=2002990080
2015/08/29 01:31:14 ServerEx (pid=16292)(info): m_mapFlags: `1þ=2002990080
2015/08/29 01:31:14 ServerEx (pid=16292)(info): m_mapFlags: `1þ=2002990080
2015/08/29 01:31:14 ServerEx (pid=16292)(info): m_mapFlags: `1þ=2002990080
2015/08/29 01:31:14 ServerEx (pid=16292)(info): m_mapFlags: `1þ=2002990080
2015/08/29 01:31:14 ServerEx (pid=16292)(info): m_mapFlags: `1þ=2002990080
2015/08/29 01:31:14 ServerEx (pid=16292)(info): m_mapFlags: `1þ=2002990080
2015/08/29 01:31:14 ServerEx (pid=16292)(info): m_mapFlags: `1þ=2002990080
2015/08/29 01:31:15 ServerEx (pid=16292)(info): m_mapFlags: `1þ=2002990080
2015/08/29 01:31:15 ServerEx (pid=16292)(info): m_mapFlags: `1þ=2002990080
2015/08/29 01:31:16 ServerEx (pid=16292)(info): m_mapFlags: `1þ=2002990080
2015/08/29 01:31:16 ServerEx (pid=16292)(info): m_mapFlags: `1þ=2002990080
2015/08/29 01:31:16 ServerEx (pid=16292)(info): m_mapFlags: `1þ=2002990080
2015/08/29 01:31:16 ServerEx (pid=16292)(info): m_mapFlags: `1þ=2002990080
2015/08/29 01:31:16 ServerEx (pid=16292)(info): m_mapFlags: `1þ=2002990080
2015/08/29 01:31:16 ServerEx (pid=16292)(info): m_mapFlags: `1þ=2002990080
2015/08/29 01:31:16 ServerEx (pid=16292)(info): m_mapFlags: `1þ=2002990080
2015/08/29 01:31:16 ServerEx (pid=16292)(info): m_mapFlags: `1þ=2002990080
2015/08/29 01:31:16 ServerEx (pid=16292)(info): m_mapFlags: `1þ=2002990080
2015/08/29 01:31:16 ServerEx (pid=16292)(info): m_mapFlags: `1þ=2002990080
2015/08/29 01:31:16 ServerEx (pid=16292)(info): m_mapFlags: `1þ=2002990080
2015/08/29 01:31:16 ServerEx (pid=16292)(info): m_mapFlags: `1þ=2002990080
2015/08/29 01:31:16 ServerEx (pid=16292)(info): m_mapFlags: `1þ=2002990080
2015/08/29 01:31:16 ServerEx (pid=16292)(info): m_mapFlags: `1þ=2002990080
2015/08/29 01:31:16 ServerEx (pid=16292)(info): m_mapFlags: `1þ=2002990080
2015/08/29 01:31:16 ServerEx (pid=16292)(info): m_mapFlags: `1þ=2002990080
2015/08/29 01:31:16 ServerEx (pid=16292)(info): m_mapFlags: `1þ=2002990080
2015/08/29 01:31:16 ServerEx (pid=16292)(info): m_mapFlags: `1þ=2002990080
2015/08/29 01:31:16 ServerEx (pid=16292)(info): m_mapFlags: `1þ=2002990080
2015/08/29 01:31:16 ServerEx (pid=16292)(info): m_mapFlags: `1þ=2002990080
2015/08/29 01:31:16 ServerEx (pid=16292)(info): m_mapFlags: `1þ=2002990080
2015/08/29 01:31:16 ServerEx (pid=16292)(info): m_mapFlags: `1þ=2002990080
2015/08/29 01:31:16 ServerEx (pid=16292)(info): m_mapFlags: `1þ=2002990080
2015/08/29 01:31:16 ServerEx (pid=16292)(info): m_mapFlags: `1þ=2002990080
2015/08/29 01:31:16 ServerEx (pid=16292)(info): m_mapFlags: `1þ=2002990080
2015/08/29 01:31:16 ServerEx (pid=16292)(info): m_mapFlags: `1þ=2002990080
2015/08/29 01:31:16 ServerEx (pid=16292)(info): m_mapFlags: `1þ=2002990080
2015/08/29 01:31:16 ServerEx (pid=16292)(info): m_mapFlags: `1þ=2002990080
2015/08/29 01:31:16 ServerEx (pid=16292)(info): m_mapFlags: `1þ=2002990080
2015/08/29 01:31:16 ServerEx (pid=16292)(info): m_mapFlags: `1þ=2002990080
2015/08/29 01:31:16 ServerEx (pid=16292)(info): m_mapFlags: `1þ=2002990080
2015/08/29 01:31:16 ServerEx (pid=16292)(info): m_mapFlags: `1þ=2002990080
2015/08/29 01:31:16 ServerEx (pid=16292)(info): m_mapFlags: `1þ=2002990080
2015/08/29 01:31:16 ServerEx (pid=16292)(info): m_mapFlags: `1þ=2002990080
2015/08/29 01:31:16 ServerEx (pid=16292)(info): m_mapFlags: `1þ=2002990080
2015/08/29 01:31:16 ServerEx (pid=16292)(info): m_mapFlags: `1þ=2002990080
2015/08/29 01:31:16 ServerEx (pid=16292)(info): m_mapFlags: `1þ=2002990080
2015/08/29 01:31:16 ServerEx (pid=16292)(info): m_mapFlags: `1þ=2002990080
2015/08/29 01:31:16 ServerEx (pid=16292)(info): m_mapFlags: `1þ=2002990080
2015/08/29 01:31:16 ServerEx (pid=16292)(info): m_mapFlags: `1þ=2002990080
2015/08/29 01:31:16 ServerEx (pid=16292)(info): m_mapFlags: `1þ=2002990080
2015/08/29 01:31:16 ServerEx (pid=16292)(info): m_mapFlags: `1þ=2002990080
2015/08/29 01:31:16 ServerEx (pid=16292)(info): m_mapFlags: `1þ=2002990080
2015/08/29 01:31:16 ServerEx (pid=16292)(info): m_mapFlags: `1þ=2002990080
2015/08/29 01:31:16 ServerEx (pid=16292)(info): m_mapFlags: `1þ=2002990080
2015/08/29 01:31:16 ServerEx (pid=16292)(info): m_mapFlags: `1þ=2002990080
2015/08/29 01:31:16 ServerEx (pid=16292)(info): m_mapFlags: `1þ=2002990080
2015/08/29 01:31:16 ServerEx (pid=16292)(info): m_mapFlags: `1þ=2002990080
2015/08/29 01:31:17 ServerEx (pid=16292)(info): m_mapFlags: `1þ=2002990080
2015/08/29 01:31:17 ServerEx (pid=16292)(info): m_mapFlags: `1þ=2002990080
2015/08/29 01:31:17 ServerEx (pid=16292)(info): m_mapFlags: `1þ=2002990080
2015/08/29 01:31:17 ServerEx (pid=16292)(info): m_mapFlags: `1þ=2002990080
2015/08/29 01:31:17 ServerEx (pid=16292)(info): m_mapFlags: `1þ=2002990080
2015/08/29 01:31:17 ServerEx (pid=16292)(info): m_mapFlags: `1þ=2002990080
2015/08/29 01:31:17 ServerEx (pid=16292)(info): m_mapFlags: `1þ=2002990080
2015/08/29 01:31:17 ServerEx (pid=16292)(info): m_mapFlags: `1þ=2002990080
2015/08/29 01:31:17 ServerEx (pid=16292)(info): m_mapFlags: `1þ=2002990080
2015/08/29 01:31:17 ServerEx (pid=16292)(info): m_mapFlags: `1þ=2002990080
2015/08/29 01:31:17 ServerEx (pid=16292)(info): m_mapFlags: `1þ=2002990080
2015/08/29 01:31:17 ServerEx (pid=16292)(info): m_mapFlags: `1þ=2002990080
2015/08/29 01:31:17 ServerEx (pid=16292)(info): m_mapFlags: `1þ=2002990080
2015/08/29 01:31:17 ServerEx (pid=16292)(info): m_mapFlags: `1þ=2002990080
2015/08/29 01:31:17 ServerEx (pid=16292)(info): m_mapFlags: `1þ=2002990080
2015/08/29 01:31:17 ServerEx (pid=16292)(info): m_mapFlags: `1þ=2002990080
2015/08/29 01:31:17 ServerEx (pid=16292)(info): m_mapFlags: `1þ=2002990080
2015/08/29 01:31:17 ServerEx (pid=16292)(info): m_mapFlags: `1þ=2002990080
2015/08/29 01:31:17 ServerEx (pid=16292)(info): m_mapFlags: `1þ=2002990080
2015/08/29 01:31:17 ServerEx (pid=16292)(info): m_mapFlags: `1þ=2002990080
2015/08/29 01:31:17 ServerEx (pid=16292)(info): m_mapFlags: `1þ=2002990080
2015/08/29 01:31:17 ServerEx (pid=16292)(info): m_mapFlags: `1þ=2002990080
2015/08/29 01:31:17 ServerEx (pid=16292)(info): m_mapFlags: `1þ=2002990080
2015/08/29 01:31:17 ServerEx (pid=16292)(info): m_mapFlags: `1þ=2002990080
2015/08/29 01:31:17 ServerEx (pid=16292)(info): m_mapFlags: `1þ=2002990080
2015/08/29 01:31:17 ServerEx (pid=16292)(info): m_mapFlags: `1þ=2002990080
2015/08/29 01:31:17 ServerEx (pid=16292)(info): m_mapFlags: `1þ=2002990080
2015/08/29 01:31:17 ServerEx (pid=16292)(info): m_mapFlags: `1þ=2002990080
2015/08/29 01:31:17 ServerEx (pid=16292)(info): m_mapFlags: `1þ=2002990080
2015/08/29 01:31:17 ServerEx (pid=16292)(info): m_mapFlags: `1þ=2002990080
2015/08/29 01:31:17 ServerEx (pid=16292)(info): m_mapFlags: `1þ=2002990080
2015/08/29 01:31:17 ServerEx (pid=16292)(info): m_mapFlags: `1þ=2002990080
2015/08/29 01:31:17 ServerEx (pid=16292)(info): m_mapFlags: `1þ=2002990080
2015/08/29 01:31:17 ServerEx (pid=16292)(info): m_mapFlags: `1þ=2002990080
2015/08/29 01:31:17 ServerEx (pid=16292)(info): m_mapFlags: `1þ=2002990080
2015/08/29 01:31:17 ServerEx (pid=16292)(info): m_mapFlags: `1þ=2002990080
2015/08/29 01:31:17 ServerEx (pid=16292)(info): m_mapFlags: `1þ=2002990080
2015/08/29 01:31:17 ServerEx (pid=16292)(info): m_mapFlags: `1þ=2002990080
2015/08/29 01:31:17 ServerEx (pid=16292)(info): m_mapFlags: `1þ=2002990080
2015/08/29 01:31:17 ServerEx (pid=16292)(info): m_mapFlags: `1þ=2002990080
2015/08/29 01:31:17 ServerEx (pid=16292)(info): m_mapFlags: `1þ=2002990080
2015/08/29 01:31:17 ServerEx (pid=16292)(info): m_mapFlags: `1þ=2002990080
2015/08/29 01:31:17 ServerEx (pid=16292)(info): m_mapFlags: `1þ=2002990080
2015/08/29 01:31:17 ServerEx (pid=16292)(info): m_mapFlags: `1þ=2002990080
2015/08/29 01:31:17 ServerEx (pid=16292)(info): m_mapFlags: `1þ=2002990080
2015/08/29 01:31:17 ServerEx (pid=16292)(info): m_mapFlags: `1þ=2002990080
2015/08/29 01:31:17 ServerEx (pid=16292)(info): m_mapFlags: `1þ=2002990080
2015/08/29 01:31:18 ServerEx (pid=16292)(info): m_mapFlags: `1þ=2002990080
2015/08/29 01:31:18 ServerEx (pid=16292)(info): m_mapFlags: `1þ=2002990080
2015/08/29 01:31:18 ServerEx (pid=16292)(info): m_mapFlags: `1þ=2002990080
2015/08/29 01:31:20 ServerEx (pid=16292)(error): ¶ÁÈ¡Êý¾ÝÊ§°Ü£º127.0.0.1:8888
2015/08/29 01:31:20 ServerEx (pid=16292)(info): m_mapFlags: `1þ=2002990080
2015/08/29 01:31:20 ServerEx (pid=16292)(info): m_mapFlags: `1þ=2002990080
2015/08/29 01:31:20 ServerEx (pid=16292)(info): m_mapFlags: `1þ=2002990080
2015/08/29 01:31:20 ServerEx (pid=16292)(info): m_mapFlags: `1þ=2002990080
2015/08/29 01:31:20 ServerEx (pid=16292)(info): m_mapFlags: `1þ=2002990080
2015/08/29 01:31:20 ServerEx (pid=16292)(info): m_mapFlags: `1þ=2002990080
2015/08/29 01:31:20 ServerEx (pid=16292)(info): m_mapFlags: `1þ=2002990080
2015/08/29 01:31:21 ServerEx (pid=16292)(info): m_mapFlags: `1þ=2002990080
2015/08/29 01:31:21 ServerEx (pid=16292)(info): m_mapFlags: `1þ=2002990080
2015/08/29 01:31:21 ServerEx (pid=16292)(info): m_mapFlags: `1þ=2002990080
2015/08/29 01:31:21 ServerEx (pid=16292)(info): m_mapFlags: `1þ=2002990080
2015/08/29 01:31:21 ServerEx (pid=16292)(info): m_mapFlags: `1þ=2002990080
2015/08/29 01:31:21 ServerEx (pid=16292)(info): m_mapFlags: `1þ=2002990080
2015/08/29 01:31:21 ServerEx (pid=16292)(info): m_mapFlags: `1þ=2002990080
2015/08/29 01:31:21 ServerEx (pid=16292)(info): m_mapFlags: `1þ=2002990080
2015/08/29 01:31:21 ServerEx (pid=16292)(info): m_mapFlags: `1þ=2002990080
2015/08/29 01:31:21 ServerEx (pid=16292)(info): m_mapFlags: `1þ=2002990080
2015/08/29 01:31:21 ServerEx (pid=16292)(info): m_mapFlags: `1þ=2002990080
2015/08/29 01:31:21 ServerEx (pid=16292)(info): m_mapFlags: `1þ=2002990080
2015/08/29 01:31:21 ServerEx (pid=16292)(info): m_mapFlags: `1þ=2002990080
2015/08/29 01:31:21 ServerEx (pid=16292)(info): m_mapFlags: `1þ=2002990080
2015/08/29 01:31:21 ServerEx (pid=16292)(info): m_mapFlags: `1þ=2002990080
2015/08/29 01:31:21 ServerEx (pid=16292)(info): m_mapFlags: `1þ=2002990080
2015/08/29 01:31:21 ServerEx (pid=16292)(info): m_mapFlags: `1þ=2002990080
2015/08/29 01:31:21 ServerEx (pid=16292)(info): m_mapFlags: `1þ=2002990080
2015/08/29 01:31:21 ServerEx (pid=16292)(info): m_mapFlags: `1þ=2002990080
2015/08/29 01:31:21 ServerEx (pid=16292)(info): m_mapFlags: `1þ=2002990080
2015/08/29 01:31:21 ServerEx (pid=16292)(info): m_mapFlags: `1þ=2002990080
2015/08/29 01:31:21 ServerEx (pid=16292)(info): m_mapFlags: `1þ=2002990080
2015/08/29 01:31:21 ServerEx (pid=16292)(info): m_mapFlags: `1þ=2002990080
2015/08/29 01:31:21 ServerEx (pid=16292)(info): m_mapFlags: `1þ=2002990080
2015/08/29 01:31:21 ServerEx (pid=16292)(info): m_mapFlags: `1þ=2002990080
2015/08/29 01:31:21 ServerEx (pid=16292)(info): m_mapFlags: `1þ=2002990080
2015/08/29 01:31:21 ServerEx (pid=16292)(info): m_mapFlags: `1þ=2002990080
2015/08/29 01:31:21 ServerEx (pid=16292)(info): m_mapFlags: `1þ=2002990080
2015/08/29 01:31:21 ServerEx (pid=16292)(info): m_mapFlags: `1þ=2002990080
2015/08/29 01:31:21 ServerEx (pid=16292)(info): m_mapFlags: `1þ=2002990080
2015/08/29 01:31:21 ServerEx (pid=16292)(info): m_mapFlags: `1þ=2002990080
2015/08/29 01:31:21 ServerEx (pid=16292)(info): m_mapFlags: `1þ=2002990080
2015/08/29 01:31:21 ServerEx (pid=16292)(info): m_mapFlags: `1þ=2002990080
2015/08/29 01:31:21 ServerEx (pid=16292)(info): m_mapFlags: `1þ=2002990080
2015/08/29 01:31:21 ServerEx (pid=16292)(info): m_mapFlags: `1þ=2002990080
2015/08/29 01:31:21 ServerEx (pid=16292)(info): m_mapFlags: `1þ=2002990080
2015/08/29 01:31:21 ServerEx (pid=16292)(info): m_mapFlags: `1þ=2002990080
2015/08/29 01:31:21 ServerEx (pid=16292)(info): m_mapFlags: `1þ=2002990080
2015/08/29 01:31:21 ServerEx (pid=16292)(info): m_mapFlags: `1þ=2002990080
2015/08/29 01:31:21 ServerEx (pid=16292)(info): m_mapFlags: `1þ=2002990080
2015/08/29 01:31:21 ServerEx (pid=16292)(info): m_mapFlags: `1þ=2002990080
2015/08/29 01:31:21 ServerEx (pid=16292)(info): m_mapFlags: `1þ=2002990080
2015/08/29 01:31:21 ServerEx (pid=16292)(info): m_mapFlags: `1þ=2002990080
2015/08/29 01:31:21 ServerEx (pid=16292)(info): m_mapFlags: `1þ=2002990080
2015/08/29 01:31:21 ServerEx (pid=16292)(info): m_mapFlags: `1þ=2002990080
2015/08/29 01:31:21 ServerEx (pid=16292)(info): m_mapFlags: `1þ=2002990080
2015/08/29 01:31:21 ServerEx (pid=16292)(info): m_mapFlags: `1þ=2002990080
2015/08/29 01:31:21 ServerEx (pid=16292)(info): m_mapFlags: `1þ=2002990080
2015/08/29 01:31:22 ServerEx (pid=16292)(info): m_mapFlags: `1þ=2002990080
2015/08/29 01:31:22 ServerEx (pid=16292)(info): m_mapFlags: `1þ=2002990080
2015/08/29 01:31:22 ServerEx (pid=16292)(info): m_mapFlags: `1þ=2002990080
2015/08/29 01:31:22 ServerEx (pid=16292)(info): m_mapFlags: `1þ=2002990080
2015/08/29 01:31:22 ServerEx (pid=16292)(info): m_mapFlags: `1þ=2002990080
2015/08/29 01:31:22 ServerEx (pid=16292)(info): m_mapFlags: `1þ=2002990080
2015/08/29 01:31:22 ServerEx (pid=16292)(info): m_mapFlags: `1þ=2002990080
2015/08/29 01:31:22 ServerEx (pid=16292)(info): m_mapFlags: `1þ=2002990080
2015/08/29 01:31:22 ServerEx (pid=16292)(info): m_mapFlags: `1þ=2002990080
2015/08/29 01:31:22 ServerEx (pid=16292)(info): m_mapFlags: `1þ=2002990080
2015/08/29 01:31:22 ServerEx (pid=16292)(info): m_mapFlags: `1þ=2002990080
2015/08/29 01:31:22 ServerEx (pid=16292)(info): m_mapFlags: `1þ=2002990080
2015/08/29 01:31:22 ServerEx (pid=16292)(info): m_mapFlags: `1þ=2002990080
2015/08/29 01:31:22 ServerEx (pid=16292)(info): m_mapFlags: `1þ=2002990080
2015/08/29 01:31:22 ServerEx (pid=16292)(info): m_mapFlags: `1þ=2002990080
2015/08/29 01:31:22 ServerEx (pid=16292)(info): m_mapFlags: `1þ=2002990080
2015/08/29 01:31:22 ServerEx (pid=16292)(info): m_mapFlags: `1þ=2002990080
2015/08/29 01:31:22 ServerEx (pid=16292)(info): m_mapFlags: `1þ=2002990080
2015/08/29 01:31:22 ServerEx (pid=16292)(info): m_mapFlags: `1þ=2002990080
2015/08/29 01:31:22 ServerEx (pid=16292)(info): m_mapFlags: `1þ=2002990080
2015/08/29 01:31:22 ServerEx (pid=16292)(info): m_mapFlags: `1þ=2002990080
2015/08/29 01:31:22 ServerEx (pid=16292)(info): m_mapFlags: `1þ=2002990080
2015/08/29 01:31:22 ServerEx (pid=16292)(info): m_mapFlags: `1þ=2002990080
2015/08/29 01:31:22 ServerEx (pid=16292)(info): m_mapFlags: `1þ=2002990080
2015/08/29 01:31:22 ServerEx (pid=16292)(info): m_mapFlags: `1þ=2002990080
2015/08/29 01:31:22 ServerEx (pid=16292)(info): m_mapFlags: `1þ=2002990080
2015/08/29 01:31:22 ServerEx (pid=16292)(info): m_mapFlags: `1þ=2002990080
2015/08/29 01:31:22 ServerEx (pid=16292)(info): m_mapFlags: `1þ=2002990080
2015/08/29 01:31:22 ServerEx (pid=16292)(info): m_mapFlags: `1þ=2002990080
2015/08/29 01:31:22 ServerEx (pid=16292)(info): m_mapFlags: `1þ=2002990080
2015/08/29 01:31:22 ServerEx (pid=16292)(info): m_mapFlags: `1þ=2002990080
2015/08/29 01:31:22 ServerEx (pid=16292)(info): m_mapFlags: `1þ=2002990080
2015/08/29 01:31:22 ServerEx (pid=16292)(info): m_mapFlags: `1þ=2002990080
2015/08/29 01:31:22 ServerEx (pid=16292)(info): m_mapFlags: `1þ=2002990080
2015/08/29 01:31:22 ServerEx (pid=16292)(info): m_mapFlags: `1þ=2002990080
2015/08/29 01:31:22 ServerEx (pid=16292)(info): m_mapFlags: `1þ=2002990080
2015/08/29 01:31:22 ServerEx (pid=16292)(info): m_mapFlags: `1þ=2002990080
2015/08/29 01:31:22 ServerEx (pid=16292)(info): m_mapFlags: `1þ=2002990080
2015/08/29 01:31:22 ServerEx (pid=16292)(info): m_mapFlags: `1þ=2002990080
2015/08/29 01:31:22 ServerEx (pid=16292)(info): m_mapFlags: `1þ=2002990080
2015/08/29 01:31:22 ServerEx (pid=16292)(info): m_mapFlags: `1þ=2002990080
2015/08/29 01:31:22 ServerEx (pid=16292)(info): m_mapFlags: `1þ=2002990080
2015/08/29 01:31:22 ServerEx (pid=16292)(info): m_mapFlags: `1þ=2002990080
2015/08/29 01:31:22 ServerEx (pid=16292)(info): m_mapFlags: `1þ=2002990080
2015/08/29 01:31:22 ServerEx (pid=16292)(info): m_mapFlags: `1þ=2002990080
2015/08/29 01:31:23 ServerEx (pid=16292)(info): m_mapFlags: `1þ=2002990080
2015/08/29 01:31:23 ServerEx (pid=16292)(info): m_mapFlags: `1þ=2002990080
2015/08/29 01:31:24 ServerEx (pid=16292)(info): m_mapFlags: `1þ=2002990080
2015/08/29 01:31:24 ServerEx (pid=16292)(info): m_mapFlags: `1þ=2002990080
2015/08/29 01:31:24 ServerEx (pid=16292)(info): m_mapFlags: `1þ=2002990080
2015/08/29 01:31:24 ServerEx (pid=16292)(info): m_mapFlags: `1þ=2002990080
2015/08/29 01:31:24 ServerEx (pid=16292)(info): m_mapFlags: `1þ=2002990080
2015/08/29 01:31:24 ServerEx (pid=16292)(info): m_mapFlags: `1þ=2002990080
2015/08/29 01:31:24 ServerEx (pid=16292)(info): m_mapFlags: `1þ=2002990080
2015/08/29 01:31:24 ServerEx (pid=16292)(info): m_mapFlags: `1þ=2002990080
2015/08/29 01:31:24 ServerEx (pid=16292)(info): m_mapFlags: `1þ=2002990080
2015/08/29 01:31:24 ServerEx (pid=16292)(info): m_mapFlags: `1þ=2002990080
2015/08/29 01:31:24 ServerEx (pid=16292)(info): m_mapFlags: `1þ=2002990080
2015/08/29 01:31:24 ServerEx (pid=16292)(info): m_mapFlags: `1þ=2002990080
2015/08/29 01:31:24 ServerEx (pid=16292)(info): m_mapFlags: `1þ=2002990080
2015/08/29 01:31:24 ServerEx (pid=16292)(info): m_mapFlags: `1þ=2002990080
2015/08/29 01:31:24 ServerEx (pid=16292)(info): m_mapFlags: `1þ=2002990080
2015/08/29 01:31:24 ServerEx (pid=16292)(info): m_mapFlags: `1þ=2002990080
2015/08/29 01:31:24 ServerEx (pid=16292)(info): m_mapFlags: `1þ=2002990080
2015/08/29 01:31:24 ServerEx (pid=16292)(info): m_mapFlags: `1þ=2002990080
2015/08/29 01:31:24 ServerEx (pid=16292)(info): m_mapFlags: `1þ=2002990080
2015/08/29 01:31:24 ServerEx (pid=16292)(info): m_mapFlags: `1þ=2002990080
2015/08/29 01:31:24 ServerEx (pid=16292)(info): m_mapFlags: `1þ=2002990080
2015/08/29 01:31:24 ServerEx (pid=16292)(info): m_mapFlags: `1þ=2002990080
2015/08/29 01:31:24 ServerEx (pid=16292)(info): m_mapFlags: `1þ=2002990080
2015/08/29 01:31:24 ServerEx (pid=16292)(info): m_mapFlags: `1þ=2002990080
2015/08/29 01:31:24 ServerEx (pid=16292)(info): m_mapFlags: `1þ=2002990080
2015/08/29 01:31:24 ServerEx (pid=16292)(info): m_mapFlags: `1þ=2002990080
2015/08/29 01:31:24 ServerEx (pid=16292)(info): m_mapFlags: `1þ=2002990080
2015/08/29 01:31:24 ServerEx (pid=16292)(info): m_mapFlags: `1þ=2002990080
2015/08/29 01:31:24 ServerEx (pid=16292)(info): m_mapFlags: `1þ=2002990080
2015/08/29 01:31:24 ServerEx (pid=16292)(info): m_mapFlags: `1þ=2002990080
2015/08/29 01:31:24 ServerEx (pid=16292)(info): m_mapFlags: `1þ=2002990080
2015/08/29 01:31:24 ServerEx (pid=16292)(info): m_mapFlags: `1þ=2002990080
2015/08/29 01:31:24 ServerEx (pid=16292)(info): m_mapFlags: `1þ=2002990080
2015/08/29 01:31:24 ServerEx (pid=16292)(info): m_mapFlags: `1þ=2002990080
2015/08/29 01:31:24 ServerEx (pid=16292)(info): m_mapFlags: `1þ=2002990080
2015/08/29 01:31:24 ServerEx (pid=16292)(info): m_mapFlags: `1þ=2002990080
2015/08/29 01:31:24 ServerEx (pid=16292)(info): m_mapFlags: `1þ=2002990080
2015/08/29 01:31:24 ServerEx (pid=16292)(info): m_mapFlags: `1þ=2002990080
2015/08/29 01:31:24 ServerEx (pid=16292)(info): m_mapFlags: `1þ=2002990080
2015/08/29 01:31:24 ServerEx (pid=16292)(info): m_mapFlags: `1þ=2002990080
2015/08/29 01:31:24 ServerEx (pid=16292)(info): m_mapFlags: `1þ=2002990080
2015/08/29 01:31:24 ServerEx (pid=16292)(info): m_mapFlags: `1þ=2002990080
2015/08/29 01:31:24 ServerEx (pid=16292)(info): m_mapFlags: `1þ=2002990080
2015/08/29 01:31:24 ServerEx (pid=16292)(info): m_mapFlags: `1þ=2002990080
2015/08/29 01:31:24 ServerEx (pid=16292)(info): m_mapFlags: `1þ=2002990080
2015/08/29 01:31:24 ServerEx (pid=16292)(info): m_mapFlags: `1þ=2002990080
2015/08/29 01:31:24 ServerEx (pid=16292)(info): m_mapFlags: `1þ=2002990080
2015/08/29 01:31:24 ServerEx (pid=16292)(info): m_mapFlags: `1þ=2002990080
2015/08/29 01:31:25 ServerEx (pid=16292)(info): m_mapFlags: `1þ=2002990080
2015/08/29 01:31:25 ServerEx (pid=16292)(info): m_mapFlags: `1þ=2002990080
2015/08/29 01:31:25 ServerEx (pid=16292)(info): m_mapFlags: `1þ=2002990080
2015/08/29 01:31:25 ServerEx (pid=16292)(info): m_mapFlags: `1þ=2002990080
2015/08/29 01:31:25 ServerEx (pid=16292)(info): m_mapFlags: `1þ=2002990080
2015/08/29 01:31:25 ServerEx (pid=16292)(info): m_mapFlags: `1þ=2002990080
2015/08/29 01:31:25 ServerEx (pid=16292)(info): m_mapFlags: `1þ=2002990080
2015/08/29 01:31:25 ServerEx (pid=16292)(info): m_mapFlags: `1þ=2002990080
2015/08/29 01:31:25 ServerEx (pid=16292)(info): m_mapFlags: `1þ=2002990080
2015/08/29 01:31:25 ServerEx (pid=16292)(info): m_mapFlags: `1þ=2002990080
2015/08/29 01:31:25 ServerEx (pid=16292)(info): m_mapFlags: `1þ=2002990080
2015/08/29 01:31:25 ServerEx (pid=16292)(info): m_mapFlags: `1þ=2002990080
2015/08/29 01:31:25 ServerEx (pid=16292)(info): m_mapFlags: `1þ=2002990080
2015/08/29 01:31:25 ServerEx (pid=16292)(info): m_mapFlags: `1þ=2002990080
2015/08/29 01:31:25 ServerEx (pid=16292)(info): m_mapFlags: `1þ=2002990080
2015/08/29 01:31:25 ServerEx (pid=16292)(info): m_mapFlags: `1þ=2002990080
2015/08/29 01:31:25 ServerEx (pid=16292)(info): m_mapFlags: `1þ=2002990080
2015/08/29 01:31:25 ServerEx (pid=16292)(info): m_mapFlags: `1þ=2002990080
2015/08/29 01:31:25 ServerEx (pid=16292)(info): m_mapFlags: `1þ=2002990080
2015/08/29 01:31:25 ServerEx (pid=16292)(info): m_mapFlags: `1þ=2002990080
2015/08/29 01:31:25 ServerEx (pid=16292)(info): m_mapFlags: `1þ=2002990080
2015/08/29 01:31:25 ServerEx (pid=16292)(info): m_mapFlags: `1þ=2002990080
2015/08/29 01:31:25 ServerEx (pid=16292)(info): m_mapFlags: `1þ=2002990080
2015/08/29 01:31:25 ServerEx (pid=16292)(info): m_mapFlags: `1þ=2002990080
2015/08/29 01:31:25 ServerEx (pid=16292)(info): m_mapFlags: `1þ=2002990080
2015/08/29 01:31:25 ServerEx (pid=16292)(info): m_mapFlags: `1þ=2002990080
2015/08/29 01:31:25 ServerEx (pid=16292)(info): m_mapFlags: `1þ=2002990080
2015/08/29 01:31:25 ServerEx (pid=16292)(info): m_mapFlags: `1þ=2002990080
2015/08/29 01:31:25 ServerEx (pid=16292)(info): m_mapFlags: `1þ=2002990080
2015/08/29 01:31:25 ServerEx (pid=16292)(info): m_mapFlags: `1þ=2002990080
2015/08/29 01:31:25 ServerEx (pid=16292)(info): m_mapFlags: `1þ=2002990080
2015/08/29 01:31:25 ServerEx (pid=16292)(info): m_mapFlags: `1þ=2002990080
2015/08/29 01:31:25 ServerEx (pid=16292)(info): m_mapFlags: `1þ=2002990080
2015/08/29 01:31:25 ServerEx (pid=16292)(info): m_mapFlags: `1þ=2002990080
2015/08/29 01:31:25 ServerEx (pid=16292)(info): m_mapFlags: `1þ=2002990080
2015/08/29 01:31:25 ServerEx (pid=16292)(info): m_mapFlags: `1þ=2002990080
2015/08/29 01:31:25 ServerEx (pid=16292)(info): m_mapFlags: `1þ=2002990080
2015/08/29 01:31:25 ServerEx (pid=16292)(info): m_mapFlags: `1þ=2002990080
2015/08/29 01:31:25 ServerEx (pid=16292)(info): m_mapFlags: `1þ=2002990080
2015/08/29 01:31:25 ServerEx (pid=16292)(info): m_mapFlags: `1þ=2002990080
2015/08/29 01:31:25 ServerEx (pid=16292)(info): m_mapFlags: `1þ=2002990080
2015/08/29 01:31:25 ServerEx (pid=16292)(info): m_mapFlags: `1þ=2002990080
2015/08/29 01:31:25 ServerEx (pid=16292)(info): m_mapFlags: `1þ=2002990080
2015/08/29 01:31:25 ServerEx (pid=16292)(info): m_mapFlags: `1þ=2002990080
2015/08/29 01:31:26 ServerEx (pid=16292)(info): m_mapFlags: `1þ=2002990080
2015/08/29 01:31:26 ServerEx (pid=16292)(info): m_mapFlags: `1þ=2002990080
2015/08/29 01:31:26 ServerEx (pid=16292)(info): m_mapFlags: `1þ=2002990080
2015/08/29 01:31:26 ServerEx (pid=16292)(info): m_mapFlags: `1þ=2002990080
2015/08/29 01:31:26 ServerEx (pid=16292)(info): m_mapFlags: `1þ=2002990080
2015/08/29 01:31:26 ServerEx (pid=16292)(info): m_mapFlags: `1þ=2002990080
2015/08/29 01:31:27 ServerEx (pid=16292)(info): m_mapFlags: `1þ=2002990080
2015/08/29 01:31:27 ServerEx (pid=16292)(info): m_mapFlags: `1þ=2002990080
2015/08/29 01:31:27 ServerEx (pid=16292)(info): m_mapFlags: `1þ=2002990080
2015/08/29 01:31:27 ServerEx (pid=16292)(info): m_mapFlags: `1þ=2002990080
2015/08/29 01:31:27 ServerEx (pid=16292)(info): m_mapFlags: `1þ=2002990080
2015/08/29 01:31:27 ServerEx (pid=16292)(info): m_mapFlags: `1þ=2002990080
2015/08/29 01:31:27 ServerEx (pid=16292)(info): m_mapFlags: `1þ=2002990080
2015/08/29 01:31:27 ServerEx (pid=16292)(info): m_mapFlags: `1þ=2002990080
2015/08/29 01:31:27 ServerEx (pid=16292)(info): m_mapFlags: `1þ=2002990080
2015/08/29 01:31:27 ServerEx (pid=16292)(info): m_mapFlags: `1þ=2002990080
2015/08/29 01:31:27 ServerEx (pid=16292)(info): m_mapFlags: `1þ=2002990080
2015/08/29 01:31:27 ServerEx (pid=16292)(info): m_mapFlags: `1þ=2002990080
2015/08/29 01:31:27 ServerEx (pid=16292)(info): m_mapFlags: `1þ=2002990080
2015/08/29 01:31:27 ServerEx (pid=16292)(info): m_mapFlags: `1þ=2002990080
2015/08/29 01:31:27 ServerEx (pid=16292)(info): m_mapFlags: `1þ=2002990080
2015/08/29 01:31:27 ServerEx (pid=16292)(info): m_mapFlags: `1þ=2002990080
2015/08/29 01:31:27 ServerEx (pid=16292)(info): m_mapFlags: `1þ=2002990080
2015/08/29 01:31:27 ServerEx (pid=16292)(info): m_mapFlags: `1þ=2002990080
2015/08/29 01:31:27 ServerEx (pid=16292)(info): m_mapFlags: `1þ=2002990080
2015/08/29 01:31:27 ServerEx (pid=16292)(info): m_mapFlags: `1þ=2002990080
2015/08/29 01:31:27 ServerEx (pid=16292)(info): m_mapFlags: `1þ=2002990080
2015/08/29 01:31:27 ServerEx (pid=16292)(info): m_mapFlags: `1þ=2002990080
2015/08/29 01:31:27 ServerEx (pid=16292)(info): m_mapFlags: `1þ=2002990080
2015/08/29 01:31:27 ServerEx (pid=16292)(info): m_mapFlags: `1þ=2002990080
2015/08/29 01:31:27 ServerEx (pid=16292)(info): m_mapFlags: `1þ=2002990080
2015/08/29 01:31:27 ServerEx (pid=16292)(info): m_mapFlags: `1þ=2002990080
2015/08/29 01:31:27 ServerEx (pid=16292)(info): m_mapFlags: `1þ=2002990080
2015/08/29 01:31:27 ServerEx (pid=16292)(info): m_mapFlags: `1þ=2002990080
2015/08/29 01:31:27 ServerEx (pid=16292)(info): m_mapFlags: `1þ=2002990080
2015/08/29 01:31:27 ServerEx (pid=16292)(info): m_mapFlags: `1þ=2002990080
2015/08/29 01:31:27 ServerEx (pid=16292)(info): m_mapFlags: `1þ=2002990080
2015/08/29 01:31:27 ServerEx (pid=16292)(info): m_mapFlags: `1þ=2002990080
2015/08/29 01:31:27 ServerEx (pid=16292)(info): m_mapFlags: `1þ=2002990080
2015/08/29 01:31:27 ServerEx (pid=16292)(info): m_mapFlags: `1þ=2002990080
2015/08/29 01:31:27 ServerEx (pid=16292)(info): m_mapFlags: `1þ=2002990080
2015/08/29 01:31:27 ServerEx (pid=16292)(info): m_mapFlags: `1þ=2002990080
2015/08/29 01:31:27 ServerEx (pid=16292)(info): m_mapFlags: `1þ=2002990080
2015/08/29 01:31:27 ServerEx (pid=16292)(info): m_mapFlags: `1þ=2002990080
2015/08/29 01:31:27 ServerEx (pid=16292)(info): m_mapFlags: `1þ=2002990080
2015/08/29 01:31:27 ServerEx (pid=16292)(info): m_mapFlags: `1þ=2002990080
2015/08/29 01:31:28 ServerEx (pid=16292)(info): m_mapFlags: `1þ=2002990080
2015/08/29 01:31:28 ServerEx (pid=16292)(info): m_mapFlags: `1þ=2002990080
2015/08/29 01:31:28 ServerEx (pid=16292)(info): m_mapFlags: `1þ=2002990080
2015/08/29 01:31:28 ServerEx (pid=16292)(info): m_mapFlags: `1þ=2002990080
2015/08/29 01:31:28 ServerEx (pid=16292)(info): m_mapFlags: `1þ=2002990080
2015/08/29 01:31:28 ServerEx (pid=16292)(info): m_mapFlags: `1þ=2002990080
2015/08/29 01:31:28 ServerEx (pid=16292)(info): m_mapFlags: `1þ=2002990080
2015/08/29 01:31:28 ServerEx (pid=16292)(info): m_mapFlags: `1þ=2002990080
2015/08/29 01:31:28 ServerEx (pid=16292)(info): m_mapFlags: `1þ=2002990080
2015/08/29 01:31:28 ServerEx (pid=16292)(info): m_mapFlags: `1þ=2002990080
2015/08/29 01:31:28 ServerEx (pid=16292)(info): m_mapFlags: `1þ=2002990080
2015/08/29 01:31:28 ServerEx (pid=16292)(info): m_mapFlags: `1þ=2002990080
2015/08/29 01:31:28 ServerEx (pid=16292)(info): m_mapFlags: `1þ=2002990080
2015/08/29 01:31:28 ServerEx (pid=16292)(info): m_mapFlags: `1þ=2002990080
2015/08/29 01:31:28 ServerEx (pid=16292)(info): m_mapFlags: `1þ=2002990080
2015/08/29 01:31:28 ServerEx (pid=16292)(info): m_mapFlags: `1þ=2002990080
2015/08/29 01:31:28 ServerEx (pid=16292)(info): m_mapFlags: `1þ=2002990080
2015/08/29 01:31:28 ServerEx (pid=16292)(info): m_mapFlags: `1þ=2002990080
2015/08/29 01:31:28 ServerEx (pid=16292)(info): m_mapFlags: `1þ=2002990080
2015/08/29 01:31:28 ServerEx (pid=16292)(info): m_mapFlags: `1þ=2002990080
2015/08/29 01:31:28 ServerEx (pid=16292)(info): m_mapFlags: `1þ=2002990080
2015/08/29 01:31:28 ServerEx (pid=16292)(info): m_mapFlags: `1þ=2002990080
2015/08/29 01:31:28 ServerEx (pid=16292)(info): m_mapFlags: `1þ=2002990080
2015/08/29 01:31:28 ServerEx (pid=16292)(info): m_mapFlags: `1þ=2002990080
2015/08/29 01:31:28 ServerEx (pid=16292)(info): m_mapFlags: `1þ=2002990080
2015/08/29 01:31:28 ServerEx (pid=16292)(info): m_mapFlags: `1þ=2002990080
2015/08/29 01:31:28 ServerEx (pid=16292)(info): m_mapFlags: `1þ=2002990080
2015/08/29 01:31:28 ServerEx (pid=16292)(info): m_mapFlags: `1þ=2002990080
2015/08/29 01:31:28 ServerEx (pid=16292)(info): m_mapFlags: `1þ=2002990080
2015/08/29 01:31:28 ServerEx (pid=16292)(info): m_mapFlags: `1þ=2002990080
2015/08/29 01:31:28 ServerEx (pid=16292)(info): m_mapFlags: `1þ=2002990080
2015/08/29 01:31:28 ServerEx (pid=16292)(info): m_mapFlags: `1þ=2002990080
2015/08/29 01:31:28 ServerEx (pid=16292)(info): m_mapFlags: `1þ=2002990080
2015/08/29 01:31:28 ServerEx (pid=16292)(info): m_mapFlags: `1þ=2002990080
2015/08/29 01:31:28 ServerEx (pid=16292)(info): m_mapFlags: `1þ=2002990080
2015/08/29 01:31:28 ServerEx (pid=16292)(info): m_mapFlags: `1þ=2002990080
2015/08/29 01:31:28 ServerEx (pid=16292)(info): m_mapFlags: `1þ=2002990080
2015/08/29 01:31:28 ServerEx (pid=16292)(info): m_mapFlags: `1þ=2002990080
2015/08/29 01:31:28 ServerEx (pid=16292)(info): m_mapFlags: `1þ=2002990080
2015/08/29 01:31:28 ServerEx (pid=16292)(info): m_mapFlags: `1þ=2002990080
2015/08/29 01:31:28 ServerEx (pid=16292)(info): m_mapFlags: `1þ=2002990080
2015/08/29 01:31:28 ServerEx (pid=16292)(info): m_mapFlags: `1þ=2002990080
2015/08/29 01:31:28 ServerEx (pid=16292)(info): m_mapFlags: `1þ=2002990080
2015/08/29 01:31:28 ServerEx (pid=16292)(info): m_mapFlags: `1þ=2002990080
2015/08/29 01:31:28 ServerEx (pid=16292)(info): m_mapFlags: `1þ=2002990080
2015/08/29 01:31:28 ServerEx (pid=16292)(info): m_mapFlags: `1þ=2002990080
2015/08/29 01:31:28 ServerEx (pid=16292)(info): m_mapFlags: `1þ=2002990080
2015/08/29 01:31:29 ServerEx (pid=16292)(info): m_mapFlags: `1þ=2002990080
2015/08/29 01:31:29 ServerEx (pid=16292)(info): m_mapFlags: `1þ=2002990080
2015/08/29 01:31:29 ServerEx (pid=16292)(info): m_mapFlags: `1þ=2002990080
2015/08/29 01:31:29 ServerEx (pid=16292)(info): m_mapFlags: `1þ=2002990080
2015/08/29 01:31:29 ServerEx (pid=16292)(info): m_mapFlags: `1þ=2002990080
2015/08/29 01:31:29 ServerEx (pid=16292)(info): m_mapFlags: `1þ=2002990080
2015/08/29 01:31:29 ServerEx (pid=16292)(info): m_mapFlags: `1þ=2002990080
2015/08/29 01:31:29 ServerEx (pid=16292)(info): m_mapFlags: `1þ=2002990080
2015/08/29 01:31:29 ServerEx (pid=16292)(info): m_mapFlags: `1þ=2002990080
2015/08/29 01:31:29 ServerEx (pid=16292)(info): m_mapFlags: `1þ=2002990080
2015/08/29 01:31:29 ServerEx (pid=16292)(info): m_mapFlags: `1þ=2002990080
2015/08/29 01:31:29 ServerEx (pid=16292)(info): m_mapFlags: `1þ=2002990080
2015/08/29 01:31:29 ServerEx (pid=16292)(info): m_mapFlags: `1þ=2002990080
2015/08/29 01:31:31 ServerEx (pid=16292)(error): ¶ÁÈ¡Êý¾ÝÊ§°Ü£º127.0.0.1:8888
2015/08/29 01:31:31 ServerEx (pid=16292)(info): m_mapFlags: `1þ=2002990080
2015/08/29 01:31:31 ServerEx (pid=16292)(info): m_mapFlags: `1þ=2002990080
2015/08/29 01:31:31 ServerEx (pid=16292)(info): m_mapFlags: `1þ=2002990080
2015/08/29 01:31:31 ServerEx (pid=16292)(info): m_mapFlags: `1þ=2002990080
2015/08/29 01:31:31 ServerEx (pid=16292)(info): m_mapFlags: `1þ=2002990080
2015/08/29 01:31:32 ServerEx (pid=16292)(info): m_mapFlags: `1þ=2002990080
2015/08/29 01:31:32 ServerEx (pid=16292)(info): m_mapFlags: `1þ=2002990080
2015/08/29 01:31:32 ServerEx (pid=16292)(info): m_mapFlags: `1þ=2002990080
2015/08/29 01:31:32 ServerEx (pid=16292)(info): m_mapFlags: `1þ=2002990080
2015/08/29 01:31:32 ServerEx (pid=16292)(info): m_mapFlags: `1þ=2002990080
2015/08/29 01:31:32 ServerEx (pid=16292)(info): m_mapFlags: `1þ=2002990080
2015/08/29 01:31:32 ServerEx (pid=16292)(info): m_mapFlags: `1þ=2002990080
2015/08/29 01:31:32 ServerEx (pid=16292)(info): m_mapFlags: `1þ=2002990080
2015/08/29 01:31:32 ServerEx (pid=16292)(info): m_mapFlags: `1þ=2002990080
2015/08/29 01:31:32 ServerEx (pid=16292)(info): m_mapFlags: `1þ=2002990080
2015/08/29 01:31:32 ServerEx (pid=16292)(info): m_mapFlags: `1þ=2002990080
2015/08/29 01:31:32 ServerEx (pid=16292)(info): m_mapFlags: `1þ=2002990080
2015/08/29 01:31:32 ServerEx (pid=16292)(info): m_mapFlags: `1þ=2002990080
2015/08/29 01:31:32 ServerEx (pid=16292)(info): m_mapFlags: `1þ=2002990080
2015/08/29 01:31:32 ServerEx (pid=16292)(info): m_mapFlags: `1þ=2002990080
2015/08/29 01:31:32 ServerEx (pid=16292)(info): m_mapFlags: `1þ=2002990080
2015/08/29 01:31:32 ServerEx (pid=16292)(info): m_mapFlags: `1þ=2002990080
2015/08/29 01:31:32 ServerEx (pid=16292)(info): m_mapFlags: `1þ=2002990080
2015/08/29 01:31:32 ServerEx (pid=16292)(info): m_mapFlags: `1þ=2002990080
2015/08/29 01:31:32 ServerEx (pid=16292)(info): m_mapFlags: `1þ=2002990080
2015/08/29 01:31:32 ServerEx (pid=16292)(info): m_mapFlags: `1þ=2002990080
2015/08/29 01:31:32 ServerEx (pid=16292)(info): m_mapFlags: `1þ=2002990080
2015/08/29 01:31:32 ServerEx (pid=16292)(info): m_mapFlags: `1þ=2002990080
2015/08/29 01:31:32 ServerEx (pid=16292)(info): m_mapFlags: `1þ=2002990080
2015/08/29 01:31:32 ServerEx (pid=16292)(info): m_mapFlags: `1þ=2002990080
2015/08/29 01:31:32 ServerEx (pid=16292)(info): m_mapFlags: `1þ=2002990080
2015/08/29 01:31:32 ServerEx (pid=16292)(info): m_mapFlags: `1þ=2002990080
2015/08/29 01:31:32 ServerEx (pid=16292)(info): m_mapFlags: `1þ=2002990080
2015/08/29 01:31:32 ServerEx (pid=16292)(info): m_mapFlags: `1þ=2002990080
2015/08/29 01:31:32 ServerEx (pid=16292)(info): m_mapFlags: `1þ=2002990080
2015/08/29 01:31:32 ServerEx (pid=16292)(info): m_mapFlags: `1þ=2002990080
2015/08/29 01:31:32 ServerEx (pid=16292)(info): m_mapFlags: `1þ=2002990080
2015/08/29 01:31:32 ServerEx (pid=16292)(info): m_mapFlags: `1þ=2002990080
2015/08/29 01:31:32 ServerEx (pid=16292)(info): m_mapFlags: `1þ=2002990080
2015/08/29 01:31:32 ServerEx (pid=16292)(info): m_mapFlags: `1þ=2002990080
2015/08/29 01:31:32 ServerEx (pid=16292)(info): m_mapFlags: `1þ=2002990080
2015/08/29 01:31:32 ServerEx (pid=16292)(info): m_mapFlags: `1þ=2002990080
2015/08/29 01:31:32 ServerEx (pid=16292)(info): m_mapFlags: `1þ=2002990080
2015/08/29 01:31:32 ServerEx (pid=16292)(info): m_mapFlags: `1þ=2002990080
2015/08/29 01:31:32 ServerEx (pid=16292)(info): m_mapFlags: `1þ=2002990080
2015/08/29 01:31:32 ServerEx (pid=16292)(info): m_mapFlags: `1þ=2002990080
2015/08/29 01:31:32 ServerEx (pid=16292)(info): m_mapFlags: `1þ=2002990080
2015/08/29 01:31:32 ServerEx (pid=16292)(info): m_mapFlags: `1þ=2002990080
2015/08/29 01:31:32 ServerEx (pid=16292)(info): m_mapFlags: `1þ=2002990080
2015/08/29 01:31:32 ServerEx (pid=16292)(info): m_mapFlags: `1þ=2002990080
2015/08/29 01:31:32 ServerEx (pid=16292)(info): m_mapFlags: `1þ=2002990080
2015/08/29 01:31:32 ServerEx (pid=16292)(info): m_mapFlags: `1þ=2002990080
2015/08/29 01:31:32 ServerEx (pid=16292)(info): m_mapFlags: `1þ=2002990080
2015/08/29 01:31:33 ServerEx (pid=16292)(info): m_mapFlags: `1þ=2002990080
2015/08/29 01:31:33 ServerEx (pid=16292)(info): m_mapFlags: `1þ=2002990080
2015/08/29 01:31:33 ServerEx (pid=16292)(info): m_mapFlags: `1þ=2002990080
2015/08/29 01:31:33 ServerEx (pid=16292)(info): m_mapFlags: `1þ=2002990080
2015/08/29 01:31:33 ServerEx (pid=16292)(info): m_mapFlags: `1þ=2002990080
2015/08/29 01:31:33 ServerEx (pid=16292)(info): m_mapFlags: `1þ=2002990080
2015/08/29 01:31:33 ServerEx (pid=16292)(info): m_mapFlags: `1þ=2002990080
2015/08/29 01:31:33 ServerEx (pid=16292)(info): m_mapFlags: `1þ=2002990080
2015/08/29 01:31:33 ServerEx (pid=16292)(info): m_mapFlags: `1þ=2002990080
2015/08/29 01:31:33 ServerEx (pid=16292)(info): m_mapFlags: `1þ=2002990080
2015/08/29 01:31:33 ServerEx (pid=16292)(info): m_mapFlags: `1þ=2002990080
2015/08/29 01:31:33 ServerEx (pid=16292)(info): m_mapFlags: `1þ=2002990080
2015/08/29 01:31:33 ServerEx (pid=16292)(info): m_mapFlags: `1þ=2002990080
2015/08/29 01:31:33 ServerEx (pid=16292)(info): m_mapFlags: `1þ=2002990080
2015/08/29 01:31:33 ServerEx (pid=16292)(info): m_mapFlags: `1þ=2002990080
2015/08/29 01:31:33 ServerEx (pid=16292)(info): m_mapFlags: `1þ=2002990080
2015/08/29 01:31:33 ServerEx (pid=16292)(info): m_mapFlags: `1þ=2002990080
2015/08/29 01:31:33 ServerEx (pid=16292)(info): m_mapFlags: `1þ=2002990080
2015/08/29 01:31:33 ServerEx (pid=16292)(info): m_mapFlags: `1þ=2002990080
2015/08/29 01:31:33 ServerEx (pid=16292)(info): m_mapFlags: `1þ=2002990080
2015/08/29 01:31:33 ServerEx (pid=16292)(info): m_mapFlags: `1þ=2002990080
2015/08/29 01:31:33 ServerEx (pid=16292)(info): m_mapFlags: `1þ=2002990080
2015/08/29 01:31:33 ServerEx (pid=16292)(info): m_mapFlags: `1þ=2002990080
2015/08/29 01:31:33 ServerEx (pid=16292)(info): m_mapFlags: `1þ=2002990080
2015/08/29 01:31:33 ServerEx (pid=16292)(info): m_mapFlags: `1þ=2002990080
2015/08/29 01:31:33 ServerEx (pid=16292)(info): m_mapFlags: `1þ=2002990080
2015/08/29 01:31:33 ServerEx (pid=16292)(info): m_mapFlags: `1þ=2002990080
2015/08/29 01:31:33 ServerEx (pid=16292)(info): m_mapFlags: `1þ=2002990080
2015/08/29 01:31:33 ServerEx (pid=16292)(info): m_mapFlags: `1þ=2002990080
2015/08/29 01:31:33 ServerEx (pid=16292)(info): m_mapFlags: `1þ=2002990080
2015/08/29 01:31:33 ServerEx (pid=16292)(info): m_mapFlags: `1þ=2002990080
2015/08/29 01:31:33 ServerEx (pid=16292)(info): m_mapFlags: `1þ=2002990080
2015/08/29 01:31:33 ServerEx (pid=16292)(info): m_mapFlags: `1þ=2002990080
2015/08/29 01:31:33 ServerEx (pid=16292)(info): m_mapFlags: `1þ=2002990080
2015/08/29 01:31:33 ServerEx (pid=16292)(info): m_mapFlags: `1þ=2002990080
2015/08/29 01:31:33 ServerEx (pid=16292)(info): m_mapFlags: `1þ=2002990080
2015/08/29 01:31:33 ServerEx (pid=16292)(info): m_mapFlags: `1þ=2002990080
2015/08/29 01:31:33 ServerEx (pid=16292)(info): m_mapFlags: `1þ=2002990080
2015/08/29 01:31:33 ServerEx (pid=16292)(info): m_mapFlags: `1þ=2002990080
2015/08/29 01:31:33 ServerEx (pid=16292)(info): m_mapFlags: `1þ=2002990080
2015/08/29 01:31:33 ServerEx (pid=16292)(info): m_mapFlags: `1þ=2002990080
2015/08/29 01:31:33 ServerEx (pid=16292)(info): m_mapFlags: `1þ=2002990080
2015/08/29 01:31:33 ServerEx (pid=16292)(info): m_mapFlags: `1þ=2002990080
2015/08/29 01:31:33 ServerEx (pid=16292)(info): m_mapFlags: `1þ=2002990080
2015/08/29 01:31:33 ServerEx (pid=16292)(info): m_mapFlags: `1þ=2002990080
2015/08/29 01:31:33 ServerEx (pid=16292)(info): m_mapFlags: `1þ=2002990080
2015/08/29 01:31:33 ServerEx (pid=16292)(info): m_mapFlags: `1þ=2002990080
2015/08/29 01:31:35 ServerEx (pid=16292)(info): m_mapFlags: `1þ=2002990080
2015/08/29 01:31:35 ServerEx (pid=16292)(info): m_mapFlags: `1þ=2002990080
2015/08/29 01:31:35 ServerEx (pid=16292)(info): m_mapFlags: `1þ=2002990080
2015/08/29 01:31:35 ServerEx (pid=16292)(info): m_mapFlags: `1þ=2002990080
2015/08/29 01:31:35 ServerEx (pid=16292)(info): m_mapFlags: `1þ=2002990080
2015/08/29 01:31:35 ServerEx (pid=16292)(info): m_mapFlags: `1þ=2002990080
2015/08/29 01:31:35 ServerEx (pid=16292)(info): m_mapFlags: `1þ=2002990080
2015/08/29 01:31:35 ServerEx (pid=16292)(info): m_mapFlags: `1þ=2002990080
2015/08/29 01:31:35 ServerEx (pid=16292)(info): m_mapFlags: `1þ=2002990080
2015/08/29 01:31:35 ServerEx (pid=16292)(info): m_mapFlags: `1þ=2002990080
2015/08/29 01:31:35 ServerEx (pid=16292)(info): m_mapFlags: `1þ=2002990080
2015/08/29 01:31:35 ServerEx (pid=16292)(info): m_mapFlags: `1þ=2002990080
2015/08/29 01:31:35 ServerEx (pid=16292)(info): m_mapFlags: `1þ=2002990080
2015/08/29 01:31:35 ServerEx (pid=16292)(info): m_mapFlags: `1þ=2002990080
2015/08/29 01:31:35 ServerEx (pid=16292)(info): m_mapFlags: `1þ=2002990080
2015/08/29 01:31:35 ServerEx (pid=16292)(info): m_mapFlags: `1þ=2002990080
2015/08/29 01:31:35 ServerEx (pid=16292)(info): m_mapFlags: `1þ=2002990080
2015/08/29 01:31:35 ServerEx (pid=16292)(info): m_mapFlags: `1þ=2002990080
2015/08/29 01:31:35 ServerEx (pid=16292)(info): m_mapFlags: `1þ=2002990080
2015/08/29 01:31:35 ServerEx (pid=16292)(info): m_mapFlags: `1þ=2002990080
2015/08/29 01:31:35 ServerEx (pid=16292)(info): m_mapFlags: `1þ=2002990080
2015/08/29 01:31:35 ServerEx (pid=16292)(info): m_mapFlags: `1þ=2002990080
2015/08/29 01:31:35 ServerEx (pid=16292)(info): m_mapFlags: `1þ=2002990080
2015/08/29 01:31:35 ServerEx (pid=16292)(info): m_mapFlags: `1þ=2002990080
2015/08/29 01:31:35 ServerEx (pid=16292)(info): m_mapFlags: `1þ=2002990080
2015/08/29 01:31:35 ServerEx (pid=16292)(info): m_mapFlags: `1þ=2002990080
2015/08/29 01:31:35 ServerEx (pid=16292)(info): m_mapFlags: `1þ=2002990080
2015/08/29 01:31:35 ServerEx (pid=16292)(info): m_mapFlags: `1þ=2002990080
2015/08/29 01:31:35 ServerEx (pid=16292)(info): m_mapFlags: `1þ=2002990080
2015/08/29 01:31:35 ServerEx (pid=16292)(info): m_mapFlags: `1þ=2002990080
2015/08/29 01:31:35 ServerEx (pid=16292)(info): m_mapFlags: `1þ=2002990080
2015/08/29 01:31:35 ServerEx (pid=16292)(info): m_mapFlags: `1þ=2002990080
2015/08/29 01:31:35 ServerEx (pid=16292)(info): m_mapFlags: `1þ=2002990080
2015/08/29 01:31:35 ServerEx (pid=16292)(info): m_mapFlags: `1þ=2002990080
2015/08/29 01:31:35 ServerEx (pid=16292)(info): m_mapFlags: `1þ=2002990080
2015/08/29 01:31:35 ServerEx (pid=16292)(info): m_mapFlags: `1þ=2002990080
2015/08/29 01:31:35 ServerEx (pid=16292)(info): m_mapFlags: `1þ=2002990080
2015/08/29 01:31:35 ServerEx (pid=16292)(info): m_mapFlags: `1þ=2002990080
2015/08/29 01:31:35 ServerEx (pid=16292)(info): m_mapFlags: `1þ=2002990080
2015/08/29 01:31:35 ServerEx (pid=16292)(info): m_mapFlags: `1þ=2002990080
2015/08/29 01:31:35 ServerEx (pid=16292)(info): m_mapFlags: `1þ=2002990080
2015/08/29 01:31:35 ServerEx (pid=16292)(info): m_mapFlags: `1þ=2002990080
2015/08/29 01:31:35 ServerEx (pid=16292)(info): m_mapFlags: `1þ=2002990080
2015/08/29 01:31:35 ServerEx (pid=16292)(info): m_mapFlags: `1þ=2002990080
2015/08/29 01:31:35 ServerEx (pid=16292)(info): m_mapFlags: `1þ=2002990080
2015/08/29 01:31:35 ServerEx (pid=16292)(info): m_mapFlags: `1þ=2002990080
2015/08/29 01:31:35 ServerEx (pid=16292)(info): m_mapFlags: `1þ=2002990080
2015/08/29 01:31:35 ServerEx (pid=16292)(info): m_mapFlags: `1þ=2002990080
2015/08/29 01:31:36 ServerEx (pid=16292)(info): m_mapFlags: `1þ=2002990080
2015/08/29 01:31:36 ServerEx (pid=16292)(info): m_mapFlags: `1þ=2002990080
2015/08/29 01:31:36 ServerEx (pid=16292)(info): m_mapFlags: `1þ=2002990080
2015/08/29 01:31:36 ServerEx (pid=16292)(info): m_mapFlags: `1þ=2002990080
2015/08/29 01:31:36 ServerEx (pid=16292)(info): m_mapFlags: `1þ=2002990080
2015/08/29 01:31:36 ServerEx (pid=16292)(info): m_mapFlags: `1þ=2002990080
2015/08/29 01:31:36 ServerEx (pid=16292)(info): m_mapFlags: `1þ=2002990080
2015/08/29 01:31:36 ServerEx (pid=16292)(info): m_mapFlags: `1þ=2002990080
2015/08/29 01:31:36 ServerEx (pid=16292)(info): m_mapFlags: `1þ=2002990080
2015/08/29 01:31:36 ServerEx (pid=16292)(info): m_mapFlags: `1þ=2002990080
2015/08/29 01:31:36 ServerEx (pid=16292)(info): m_mapFlags: `1þ=2002990080
2015/08/29 01:31:36 ServerEx (pid=16292)(info): m_mapFlags: `1þ=2002990080
2015/08/29 01:31:36 ServerEx (pid=16292)(info): m_mapFlags: `1þ=2002990080
2015/08/29 01:31:36 ServerEx (pid=16292)(info): m_mapFlags: `1þ=2002990080
2015/08/29 01:31:36 ServerEx (pid=16292)(info): m_mapFlags: `1þ=2002990080
2015/08/29 01:31:36 ServerEx (pid=16292)(info): m_mapFlags: `1þ=2002990080
2015/08/29 01:31:36 ServerEx (pid=16292)(info): m_mapFlags: `1þ=2002990080
2015/08/29 01:31:36 ServerEx (pid=16292)(info): m_mapFlags: `1þ=2002990080
2015/08/29 01:31:36 ServerEx (pid=16292)(info): m_mapFlags: `1þ=2002990080
2015/08/29 01:31:36 ServerEx (pid=16292)(info): m_mapFlags: `1þ=2002990080
2015/08/29 01:31:36 ServerEx (pid=16292)(info): m_mapFlags: `1þ=2002990080
2015/08/29 01:31:36 ServerEx (pid=16292)(info): m_mapFlags: `1þ=2002990080
2015/08/29 01:31:36 ServerEx (pid=16292)(info): m_mapFlags: `1þ=2002990080
2015/08/29 01:31:36 ServerEx (pid=16292)(info): m_mapFlags: `1þ=2002990080
2015/08/29 01:31:36 ServerEx (pid=16292)(info): m_mapFlags: `1þ=2002990080
2015/08/29 01:31:36 ServerEx (pid=16292)(info): m_mapFlags: `1þ=2002990080
2015/08/29 01:31:36 ServerEx (pid=16292)(info): m_mapFlags: `1þ=2002990080
2015/08/29 01:31:36 ServerEx (pid=16292)(info): m_mapFlags: `1þ=2002990080
2015/08/29 01:31:36 ServerEx (pid=16292)(info): m_mapFlags: `1þ=2002990080
2015/08/29 01:31:36 ServerEx (pid=16292)(info): m_mapFlags: `1þ=2002990080
2015/08/29 01:31:36 ServerEx (pid=16292)(info): m_mapFlags: `1þ=2002990080
2015/08/29 01:31:36 ServerEx (pid=16292)(info): m_mapFlags: `1þ=2002990080
2015/08/29 01:31:36 ServerEx (pid=16292)(info): m_mapFlags: `1þ=2002990080
2015/08/29 01:31:36 ServerEx (pid=16292)(info): m_mapFlags: `1þ=2002990080
2015/08/29 01:31:36 ServerEx (pid=16292)(info): m_mapFlags: `1þ=2002990080
2015/08/29 01:31:36 ServerEx (pid=16292)(info): m_mapFlags: `1þ=2002990080
2015/08/29 01:31:36 ServerEx (pid=16292)(info): m_mapFlags: `1þ=2002990080
2015/08/29 01:31:36 ServerEx (pid=16292)(info): m_mapFlags: `1þ=2002990080
2015/08/29 01:31:36 ServerEx (pid=16292)(info): m_mapFlags: `1þ=2002990080
2015/08/29 01:31:36 ServerEx (pid=16292)(info): m_mapFlags: `1þ=2002990080
2015/08/29 01:31:36 ServerEx (pid=16292)(info): m_mapFlags: `1þ=2002990080
2015/08/29 01:31:36 ServerEx (pid=16292)(info): m_mapFlags: `1þ=2002990080
2015/08/29 01:31:36 ServerEx (pid=16292)(info): m_mapFlags: `1þ=2002990080
2015/08/29 01:31:36 ServerEx (pid=16292)(info): m_mapFlags: `1þ=2002990080
2015/08/29 01:31:36 ServerEx (pid=16292)(info): m_mapFlags: `1þ=2002990080
2015/08/29 01:31:36 ServerEx (pid=16292)(info): m_mapFlags: `1þ=2002990080
2015/08/29 01:31:36 ServerEx (pid=16292)(info): m_mapFlags: `1þ=2002990080
2015/08/29 01:31:37 ServerEx (pid=16292)(info): m_mapFlags: `1þ=2002990080
2015/08/29 01:31:37 ServerEx (pid=16292)(info): m_mapFlags: `1þ=2002990080
2015/08/29 01:31:37 ServerEx (pid=16292)(info): m_mapFlags: `1þ=2002990080
2015/08/29 01:31:37 ServerEx (pid=16292)(info): m_mapFlags: `1þ=2002990080
2015/08/29 01:31:37 ServerEx (pid=16292)(info): m_mapFlags: `1þ=2002990080
2015/08/29 01:31:38 ServerEx (pid=16292)(info): m_mapFlags: `1þ=2002990080
2015/08/29 01:31:38 ServerEx (pid=16292)(info): m_mapFlags: `1þ=2002990080
2015/08/29 01:31:38 ServerEx (pid=16292)(info): m_mapFlags: `1þ=2002990080
2015/08/29 01:31:38 ServerEx (pid=16292)(info): m_mapFlags: `1þ=2002990080
2015/08/29 01:31:38 ServerEx (pid=16292)(info): m_mapFlags: `1þ=2002990080
2015/08/29 01:31:38 ServerEx (pid=16292)(info): m_mapFlags: `1þ=2002990080
2015/08/29 01:31:38 ServerEx (pid=16292)(info): m_mapFlags: `1þ=2002990080
2015/08/29 01:31:38 ServerEx (pid=16292)(info): m_mapFlags: `1þ=2002990080
2015/08/29 01:31:38 ServerEx (pid=16292)(info): m_mapFlags: `1þ=2002990080
2015/08/29 01:31:38 ServerEx (pid=16292)(info): m_mapFlags: `1þ=2002990080
2015/08/29 01:31:38 ServerEx (pid=16292)(info): m_mapFlags: `1þ=2002990080
2015/08/29 01:31:38 ServerEx (pid=16292)(info): m_mapFlags: `1þ=2002990080
2015/08/29 01:31:38 ServerEx (pid=16292)(info): m_mapFlags: `1þ=2002990080
2015/08/29 01:31:38 ServerEx (pid=16292)(info): m_mapFlags: `1þ=2002990080
2015/08/29 01:31:38 ServerEx (pid=16292)(info): m_mapFlags: `1þ=2002990080
2015/08/29 01:31:38 ServerEx (pid=16292)(info): m_mapFlags: `1þ=2002990080
2015/08/29 01:31:38 ServerEx (pid=16292)(info): m_mapFlags: `1þ=2002990080
2015/08/29 01:31:38 ServerEx (pid=16292)(info): m_mapFlags: `1þ=2002990080
2015/08/29 01:31:38 ServerEx (pid=16292)(info): m_mapFlags: `1þ=2002990080
2015/08/29 01:31:38 ServerEx (pid=16292)(info): m_mapFlags: `1þ=2002990080
2015/08/29 01:31:38 ServerEx (pid=16292)(info): m_mapFlags: `1þ=2002990080
2015/08/29 01:31:38 ServerEx (pid=16292)(info): m_mapFlags: `1þ=2002990080
2015/08/29 01:31:38 ServerEx (pid=16292)(info): m_mapFlags: `1þ=2002990080
2015/08/29 01:31:38 ServerEx (pid=16292)(info): m_mapFlags: `1þ=2002990080
2015/08/29 01:31:38 ServerEx (pid=16292)(info): m_mapFlags: `1þ=2002990080
2015/08/29 01:31:38 ServerEx (pid=16292)(info): m_mapFlags: `1þ=2002990080
2015/08/29 01:31:38 ServerEx (pid=16292)(info): m_mapFlags: `1þ=2002990080
2015/08/29 01:31:38 ServerEx (pid=16292)(info): m_mapFlags: `1þ=2002990080
2015/08/29 01:31:38 ServerEx (pid=16292)(info): m_mapFlags: `1þ=2002990080
2015/08/29 01:31:38 ServerEx (pid=16292)(info): m_mapFlags: `1þ=2002990080
2015/08/29 01:31:38 ServerEx (pid=16292)(info): m_mapFlags: `1þ=2002990080
2015/08/29 01:31:38 ServerEx (pid=16292)(info): m_mapFlags: `1þ=2002990080
2015/08/29 01:31:38 ServerEx (pid=16292)(info): m_mapFlags: `1þ=2002990080
2015/08/29 01:31:38 ServerEx (pid=16292)(info): m_mapFlags: `1þ=2002990080
2015/08/29 01:31:38 ServerEx (pid=16292)(info): m_mapFlags: `1þ=2002990080
2015/08/29 01:31:38 ServerEx (pid=16292)(info): m_mapFlags: `1þ=2002990080
2015/08/29 01:31:38 ServerEx (pid=16292)(info): m_mapFlags: `1þ=2002990080
2015/08/29 01:31:38 ServerEx (pid=16292)(info): m_mapFlags: `1þ=2002990080
2015/08/29 01:31:38 ServerEx (pid=16292)(info): m_mapFlags: `1þ=2002990080
2015/08/29 01:31:38 ServerEx (pid=16292)(info): m_mapFlags: `1þ=2002990080
2015/08/29 01:31:38 ServerEx (pid=16292)(info): m_mapFlags: `1þ=2002990080
2015/08/29 01:31:38 ServerEx (pid=16292)(info): m_mapFlags: `1þ=2002990080
2015/08/29 01:31:39 ServerEx (pid=16292)(info): m_mapFlags: `1þ=2002990080
2015/08/29 01:31:39 ServerEx (pid=16292)(info): m_mapFlags: `1þ=2002990080
2015/08/29 01:31:39 ServerEx (pid=16292)(info): m_mapFlags: `1þ=2002990080
2015/08/29 01:31:39 ServerEx (pid=16292)(info): m_mapFlags: `1þ=2002990080
2015/08/29 01:31:39 ServerEx (pid=16292)(info): m_mapFlags: `1þ=2002990080
2015/08/29 01:31:39 ServerEx (pid=16292)(info): m_mapFlags: `1þ=2002990080
2015/08/29 01:31:39 ServerEx (pid=16292)(info): m_mapFlags: `1þ=2002990080
2015/08/29 01:31:39 ServerEx (pid=16292)(info): m_mapFlags: `1þ=2002990080
2015/08/29 01:31:39 ServerEx (pid=16292)(info): m_mapFlags: `1þ=2002990080
2015/08/29 01:31:39 ServerEx (pid=16292)(info): m_mapFlags: `1þ=2002990080
2015/08/29 01:31:39 ServerEx (pid=16292)(info): m_mapFlags: `1þ=2002990080
2015/08/29 01:31:39 ServerEx (pid=16292)(info): m_mapFlags: `1þ=2002990080
2015/08/29 01:31:39 ServerEx (pid=16292)(info): m_mapFlags: `1þ=2002990080
2015/08/29 01:31:39 ServerEx (pid=16292)(info): m_mapFlags: `1þ=2002990080
2015/08/29 01:31:39 ServerEx (pid=16292)(info): m_mapFlags: `1þ=2002990080
2015/08/29 01:31:39 ServerEx (pid=16292)(info): m_mapFlags: `1þ=2002990080
2015/08/29 01:31:39 ServerEx (pid=16292)(info): m_mapFlags: `1þ=2002990080
2015/08/29 01:31:39 ServerEx (pid=16292)(info): m_mapFlags: `1þ=2002990080
2015/08/29 01:31:39 ServerEx (pid=16292)(info): m_mapFlags: `1þ=2002990080
2015/08/29 01:31:39 ServerEx (pid=16292)(info): m_mapFlags: `1þ=2002990080
2015/08/29 01:31:39 ServerEx (pid=16292)(info): m_mapFlags: `1þ=2002990080
2015/08/29 01:31:39 ServerEx (pid=16292)(info): m_mapFlags: `1þ=2002990080
2015/08/29 01:31:39 ServerEx (pid=16292)(info): m_mapFlags: `1þ=2002990080
2015/08/29 01:31:39 ServerEx (pid=16292)(info): m_mapFlags: `1þ=2002990080
2015/08/29 01:31:39 ServerEx (pid=16292)(info): m_mapFlags: `1þ=2002990080
2015/08/29 01:31:39 ServerEx (pid=16292)(info): m_mapFlags: `1þ=2002990080
2015/08/29 01:31:39 ServerEx (pid=16292)(info): m_mapFlags: `1þ=2002990080
2015/08/29 01:31:39 ServerEx (pid=16292)(info): m_mapFlags: `1þ=2002990080
2015/08/29 01:31:39 ServerEx (pid=16292)(info): m_mapFlags: `1þ=2002990080
2015/08/29 01:31:39 ServerEx (pid=16292)(info): m_mapFlags: `1þ=2002990080
2015/08/29 01:31:39 ServerEx (pid=16292)(info): m_mapFlags: `1þ=2002990080
2015/08/29 01:31:39 ServerEx (pid=16292)(info): m_mapFlags: `1þ=2002990080
2015/08/29 01:31:39 ServerEx (pid=16292)(info): m_mapFlags: `1þ=2002990080
2015/08/29 01:31:39 ServerEx (pid=16292)(info): m_mapFlags: `1þ=2002990080
2015/08/29 01:31:39 ServerEx (pid=16292)(info): m_mapFlags: `1þ=2002990080
2015/08/29 01:31:39 ServerEx (pid=16292)(info): m_mapFlags: `1þ=2002990080
2015/08/29 01:31:39 ServerEx (pid=16292)(info): m_mapFlags: `1þ=2002990080
2015/08/29 01:31:39 ServerEx (pid=16292)(info): m_mapFlags: `1þ=2002990080
2015/08/29 01:31:39 ServerEx (pid=16292)(info): m_mapFlags: `1þ=2002990080
2015/08/29 01:31:39 ServerEx (pid=16292)(info): m_mapFlags: `1þ=2002990080
2015/08/29 01:31:39 ServerEx (pid=16292)(info): m_mapFlags: `1þ=2002990080
2015/08/29 01:31:39 ServerEx (pid=16292)(info): m_mapFlags: `1þ=2002990080
2015/08/29 01:31:39 ServerEx (pid=16292)(info): m_mapFlags: `1þ=2002990080
2015/08/29 01:31:39 ServerEx (pid=16292)(info): m_mapFlags: `1þ=2002990080
2015/08/29 01:31:39 ServerEx (pid=16292)(info): m_mapFlags: `1þ=2002990080
2015/08/29 01:31:39 ServerEx (pid=16292)(info): m_mapFlags: `1þ=2002990080
2015/08/29 01:31:39 ServerEx (pid=16292)(info): m_mapFlags: `1þ=2002990080
2015/08/29 01:31:40 ServerEx (pid=16292)(info): m_mapFlags: `1þ=2002990080
2015/08/29 01:31:40 ServerEx (pid=16292)(info): m_mapFlags: `1þ=2002990080
2015/08/29 01:31:40 ServerEx (pid=16292)(info): m_mapFlags: `1þ=2002990080
2015/08/29 01:31:40 ServerEx (pid=16292)(info): m_mapFlags: `1þ=2002990080
2015/08/29 01:31:40 ServerEx (pid=16292)(info): m_mapFlags: `1þ=2002990080
2015/08/29 01:31:40 ServerEx (pid=16292)(info): m_mapFlags: `1þ=2002990080
2015/08/29 01:31:40 ServerEx (pid=16292)(info): m_mapFlags: `1þ=2002990080
2015/08/29 01:31:40 ServerEx (pid=16292)(info): m_mapFlags: `1þ=2002990080
2015/08/29 01:31:40 ServerEx (pid=16292)(info): m_mapFlags: `1þ=2002990080
2015/08/29 01:31:40 ServerEx (pid=16292)(info): m_mapFlags: `1þ=2002990080
2015/08/29 01:31:40 ServerEx (pid=16292)(info): m_mapFlags: `1þ=2002990080
2015/08/29 01:31:47 ServerEx (pid=16292)(info): m_mapFlags: `1þ=0
2015/08/29 01:31:47 ServerEx (pid=16292)(info): ÊÕµ½127.0.0.1:63171È·ÈÏ´ò¶´³É¹¦µÄÏûÏ¢
2015/08/29 01:31:47 ServerEx (pid=16292)(info): m_mapFlags: `1þ=0
2015/08/29 01:31:47 ServerEx (pid=16292)(info): Ïò·þÎñ¶Ë[`1þ]·¢ËÍP2P´ò¶´×ª·¢ÏûÏ¢³É¹¦
2015/08/29 01:31:47 ServerEx (pid=16292)(info): Ïò127.0.0.1:63171·¢ËÍÊý¾Ý³É¹¦£¡
