d:\thirdpartycode\p2psharer\p2psharer\release\vc120.pdb
d:\thirdpartycode\p2psharer\p2psharer\release\peerlist.obj
d:\thirdpartycode\p2psharer\p2psharer\release\p2psharerdlg.obj
d:\thirdpartycode\p2psharer\p2psharer\release\downloader.obj
d:\thirdpartycode\p2psharer\p2psharer\release\fileserver.obj
d:\thirdpartycode\p2psharer\p2psharer\release\p2psharer.pch
d:\thirdpartycode\p2psharer\p2psharer\release\stdafx.obj
d:\thirdpartycode\p2psharer\p2psharer\release\serverex.obj
d:\thirdpartycode\p2psharer\p2psharer\release\searchresultmgr.obj
d:\thirdpartycode\p2psharer\p2psharer\release\resourcemgr.obj
d:\thirdpartycode\p2psharer\p2psharer\release\reqsender.obj
d:\thirdpartycode\p2psharer\p2psharer\release\redisclient.obj
d:\thirdpartycode\p2psharer\p2psharer\release\p2psharer.obj
d:\thirdpartycode\p2psharer\p2psharer\release\flagmgr.obj
d:\thirdpartycode\p2psharer\p2psharer\release\filescan.obj
d:\thirdpartycode\p2psharer\p2psharer\release\fileclient.obj
d:\thirdpartycode\p2psharer\release\p2psharer.exe
d:\thirdpartycode\p2psharer\release\p2psharer.pdb
d:\thirdpartycode\p2psharer\p2psharer\release\p2psharer.res
d:\thirdpartycode\p2psharer\p2psharer\release\p2psharer.tlog\cl.command.1.tlog
d:\thirdpartycode\p2psharer\p2psharer\release\p2psharer.tlog\cl.read.1.tlog
d:\thirdpartycode\p2psharer\p2psharer\release\p2psharer.tlog\cl.write.1.tlog
d:\thirdpartycode\p2psharer\p2psharer\release\p2psharer.tlog\link.command.1.tlog
d:\thirdpartycode\p2psharer\p2psharer\release\p2psharer.tlog\link.read.1.tlog
d:\thirdpartycode\p2psharer\p2psharer\release\p2psharer.tlog\link.write.1.tlog
d:\thirdpartycode\p2psharer\p2psharer\release\p2psharer.tlog\rc.command.1.tlog
d:\thirdpartycode\p2psharer\p2psharer\release\p2psharer.tlog\rc.read.1.tlog
d:\thirdpartycode\p2psharer\p2psharer\release\p2psharer.tlog\rc.write.1.tlog
